This is pdfTeX, Version 3.14159265-2.6-1.40.21 (TeX Live 2020/Debian) (preloaded format=pdflatex 2022.2.21)  24 FEB 2022 11:42
entering extended mode
 restricted \write18 enabled.
 %&-line parsing enabled.
**main.tex
(./main.tex
LaTeX2e <2020-10-01> patch level 4
L3 programming layer <2021-01-09> xparse <2020-03-03>
(/usr/share/texlive/texmf-dist/tex/latex/base/article.cls
Document Class: article 2020/04/10 v1.4m Standard LaTeX document class
(/usr/share/texlive/texmf-dist/tex/latex/base/size10.clo
File: size10.clo 2020/04/10 v1.4m Standard LaTeX file (size option)
)
\c@part=\count177
\c@section=\count178
\c@subsection=\count179
\c@subsubsection=\count180
\c@paragraph=\count181
\c@subparagraph=\count182
\c@figure=\count183
\c@table=\count184
\abovecaptionskip=\skip47
\belowcaptionskip=\skip48
\bibindent=\dimen138
)
(/usr/share/texlive/texmf-dist/tex/latex/base/inputenc.sty
Package: inputenc 2020/08/01 v1.3d Input encoding file
\inpenc@prehook=\toks15
\inpenc@posthook=\toks16
)
(/usr/share/texlive/texmf-dist/tex/latex/pgf/frontendlayer/tikz.sty
(/usr/share/texlive/texmf-dist/tex/latex/pgf/basiclayer/pgf.sty
(/usr/share/texlive/texmf-dist/tex/latex/pgf/utilities/pgfrcs.sty
(/usr/share/texlive/texmf-dist/tex/generic/pgf/utilities/pgfutil-common.tex
\pgfutil@everybye=\toks17
\pgfutil@tempdima=\dimen139
\pgfutil@tempdimb=\dimen140

(/usr/share/texlive/texmf-dist/tex/generic/pgf/utilities/pgfutil-common-lists.t
ex)) (/usr/share/texlive/texmf-dist/tex/generic/pgf/utilities/pgfutil-latex.def
\pgfutil@abb=\box47
) (/usr/share/texlive/texmf-dist/tex/generic/pgf/utilities/pgfrcs.code.tex
(/usr/share/texlive/texmf-dist/tex/generic/pgf/pgf.revision.tex)
Package: pgfrcs 2020/12/27 v3.1.8b (3.1.8b)
))
Package: pgf 2020/12/27 v3.1.8b (3.1.8b)

(/usr/share/texlive/texmf-dist/tex/latex/pgf/basiclayer/pgfcore.sty
(/usr/share/texlive/texmf-dist/tex/latex/graphics/graphicx.sty
Package: graphicx 2020/09/09 v1.2b Enhanced LaTeX Graphics (DPC,SPQR)

(/usr/share/texlive/texmf-dist/tex/latex/graphics/keyval.sty
Package: keyval 2014/10/28 v1.15 key=value parser (DPC)
\KV@toks@=\toks18
)
(/usr/share/texlive/texmf-dist/tex/latex/graphics/graphics.sty
Package: graphics 2020/08/30 v1.4c Standard LaTeX Graphics (DPC,SPQR)

(/usr/share/texlive/texmf-dist/tex/latex/graphics/trig.sty
Package: trig 2016/01/03 v1.10 sin cos tan (DPC)
)
(/usr/share/texlive/texmf-dist/tex/latex/graphics-cfg/graphics.cfg
File: graphics.cfg 2016/06/04 v1.11 sample graphics configuration
)
Package graphics Info: Driver file: pdftex.def on input line 105.

(/usr/share/texlive/texmf-dist/tex/latex/graphics-def/pdftex.def
File: pdftex.def 2020/10/05 v1.2a Graphics/color driver for pdftex
))
\Gin@req@height=\dimen141
\Gin@req@width=\dimen142
)
(/usr/share/texlive/texmf-dist/tex/latex/pgf/systemlayer/pgfsys.sty
(/usr/share/texlive/texmf-dist/tex/generic/pgf/systemlayer/pgfsys.code.tex
Package: pgfsys 2020/12/27 v3.1.8b (3.1.8b)

(/usr/share/texlive/texmf-dist/tex/generic/pgf/utilities/pgfkeys.code.tex
\pgfkeys@pathtoks=\toks19
\pgfkeys@temptoks=\toks20

(/usr/share/texlive/texmf-dist/tex/generic/pgf/utilities/pgfkeysfiltered.code.t
ex
\pgfkeys@tmptoks=\toks21
))
\pgf@x=\dimen143
\pgf@y=\dimen144
\pgf@xa=\dimen145
\pgf@ya=\dimen146
\pgf@xb=\dimen147
\pgf@yb=\dimen148
\pgf@xc=\dimen149
\pgf@yc=\dimen150
\pgf@xd=\dimen151
\pgf@yd=\dimen152
\w@pgf@writea=\write3
\r@pgf@reada=\read2
\c@pgf@counta=\count185
\c@pgf@countb=\count186
\c@pgf@countc=\count187
\c@pgf@countd=\count188
\t@pgf@toka=\toks22
\t@pgf@tokb=\toks23
\t@pgf@tokc=\toks24
\pgf@sys@id@count=\count189
 (/usr/share/texlive/texmf-dist/tex/generic/pgf/systemlayer/pgf.cfg
File: pgf.cfg 2020/12/27 v3.1.8b (3.1.8b)
)
Driver file for pgf: pgfsys-pdftex.def

(/usr/share/texlive/texmf-dist/tex/generic/pgf/systemlayer/pgfsys-pdftex.def
File: pgfsys-pdftex.def 2020/12/27 v3.1.8b (3.1.8b)

(/usr/share/texlive/texmf-dist/tex/generic/pgf/systemlayer/pgfsys-common-pdf.de
f
File: pgfsys-common-pdf.def 2020/12/27 v3.1.8b (3.1.8b)
)))
(/usr/share/texlive/texmf-dist/tex/generic/pgf/systemlayer/pgfsyssoftpath.code.
tex
File: pgfsyssoftpath.code.tex 2020/12/27 v3.1.8b (3.1.8b)
\pgfsyssoftpath@smallbuffer@items=\count190
\pgfsyssoftpath@bigbuffer@items=\count191
)
(/usr/share/texlive/texmf-dist/tex/generic/pgf/systemlayer/pgfsysprotocol.code.
tex
File: pgfsysprotocol.code.tex 2020/12/27 v3.1.8b (3.1.8b)
)) (/usr/share/texlive/texmf-dist/tex/latex/xcolor/xcolor.sty
Package: xcolor 2016/05/11 v2.12 LaTeX color extensions (UK)

(/usr/share/texlive/texmf-dist/tex/latex/graphics-cfg/color.cfg
File: color.cfg 2016/01/02 v1.6 sample color configuration
)
Package xcolor Info: Driver file: pdftex.def on input line 225.
Package xcolor Info: Model `cmy' substituted by `cmy0' on input line 1348.
Package xcolor Info: Model `hsb' substituted by `rgb' on input line 1352.
Package xcolor Info: Model `RGB' extended on input line 1364.
Package xcolor Info: Model `HTML' substituted by `rgb' on input line 1366.
Package xcolor Info: Model `Hsb' substituted by `hsb' on input line 1367.
Package xcolor Info: Model `tHsb' substituted by `hsb' on input line 1368.
Package xcolor Info: Model `HSB' substituted by `hsb' on input line 1369.
Package xcolor Info: Model `Gray' substituted by `gray' on input line 1370.
Package xcolor Info: Model `wave' substituted by `hsb' on input line 1371.
)
(/usr/share/texlive/texmf-dist/tex/generic/pgf/basiclayer/pgfcore.code.tex
Package: pgfcore 2020/12/27 v3.1.8b (3.1.8b)

(/usr/share/texlive/texmf-dist/tex/generic/pgf/math/pgfmath.code.tex
(/usr/share/texlive/texmf-dist/tex/generic/pgf/math/pgfmathcalc.code.tex
(/usr/share/texlive/texmf-dist/tex/generic/pgf/math/pgfmathutil.code.tex)
(/usr/share/texlive/texmf-dist/tex/generic/pgf/math/pgfmathparser.code.tex
\pgfmath@dimen=\dimen153
\pgfmath@count=\count192
\pgfmath@box=\box48
\pgfmath@toks=\toks25
\pgfmath@stack@operand=\toks26
\pgfmath@stack@operation=\toks27
)
(/usr/share/texlive/texmf-dist/tex/generic/pgf/math/pgfmathfunctions.code.tex
(/usr/share/texlive/texmf-dist/tex/generic/pgf/math/pgfmathfunctions.basic.code
.tex)
(/usr/share/texlive/texmf-dist/tex/generic/pgf/math/pgfmathfunctions.trigonomet
ric.code.tex)
(/usr/share/texlive/texmf-dist/tex/generic/pgf/math/pgfmathfunctions.random.cod
e.tex)
(/usr/share/texlive/texmf-dist/tex/generic/pgf/math/pgfmathfunctions.comparison
.code.tex)
(/usr/share/texlive/texmf-dist/tex/generic/pgf/math/pgfmathfunctions.base.code.
tex)
(/usr/share/texlive/texmf-dist/tex/generic/pgf/math/pgfmathfunctions.round.code
.tex)
(/usr/share/texlive/texmf-dist/tex/generic/pgf/math/pgfmathfunctions.misc.code.
tex)
(/usr/share/texlive/texmf-dist/tex/generic/pgf/math/pgfmathfunctions.integerari
thmetics.code.tex)))
(/usr/share/texlive/texmf-dist/tex/generic/pgf/math/pgfmathfloat.code.tex
\c@pgfmathroundto@lastzeros=\count193
))
(/usr/share/texlive/texmf-dist/tex/generic/pgf/math/pgfint.code.tex)
(/usr/share/texlive/texmf-dist/tex/generic/pgf/basiclayer/pgfcorepoints.code.te
x
File: pgfcorepoints.code.tex 2020/12/27 v3.1.8b (3.1.8b)
\pgf@picminx=\dimen154
\pgf@picmaxx=\dimen155
\pgf@picminy=\dimen156
\pgf@picmaxy=\dimen157
\pgf@pathminx=\dimen158
\pgf@pathmaxx=\dimen159
\pgf@pathminy=\dimen160
\pgf@pathmaxy=\dimen161
\pgf@xx=\dimen162
\pgf@xy=\dimen163
\pgf@yx=\dimen164
\pgf@yy=\dimen165
\pgf@zx=\dimen166
\pgf@zy=\dimen167
)
(/usr/share/texlive/texmf-dist/tex/generic/pgf/basiclayer/pgfcorepathconstruct.
code.tex
File: pgfcorepathconstruct.code.tex 2020/12/27 v3.1.8b (3.1.8b)
\pgf@path@lastx=\dimen168
\pgf@path@lasty=\dimen169
)
(/usr/share/texlive/texmf-dist/tex/generic/pgf/basiclayer/pgfcorepathusage.code
.tex
File: pgfcorepathusage.code.tex 2020/12/27 v3.1.8b (3.1.8b)
\pgf@shorten@end@additional=\dimen170
\pgf@shorten@start@additional=\dimen171
)
(/usr/share/texlive/texmf-dist/tex/generic/pgf/basiclayer/pgfcorescopes.code.te
x
File: pgfcorescopes.code.tex 2020/12/27 v3.1.8b (3.1.8b)
\pgfpic=\box49
\pgf@hbox=\box50
\pgf@layerbox@main=\box51
\pgf@picture@serial@count=\count194
)
(/usr/share/texlive/texmf-dist/tex/generic/pgf/basiclayer/pgfcoregraphicstate.c
ode.tex
File: pgfcoregraphicstate.code.tex 2020/12/27 v3.1.8b (3.1.8b)
\pgflinewidth=\dimen172
)
(/usr/share/texlive/texmf-dist/tex/generic/pgf/basiclayer/pgfcoretransformation
s.code.tex
File: pgfcoretransformations.code.tex 2020/12/27 v3.1.8b (3.1.8b)
\pgf@pt@x=\dimen173
\pgf@pt@y=\dimen174
\pgf@pt@temp=\dimen175
)
(/usr/share/texlive/texmf-dist/tex/generic/pgf/basiclayer/pgfcorequick.code.tex
File: pgfcorequick.code.tex 2020/12/27 v3.1.8b (3.1.8b)
)
(/usr/share/texlive/texmf-dist/tex/generic/pgf/basiclayer/pgfcoreobjects.code.t
ex
File: pgfcoreobjects.code.tex 2020/12/27 v3.1.8b (3.1.8b)
)
(/usr/share/texlive/texmf-dist/tex/generic/pgf/basiclayer/pgfcorepathprocessing
.code.tex
File: pgfcorepathprocessing.code.tex 2020/12/27 v3.1.8b (3.1.8b)
)
(/usr/share/texlive/texmf-dist/tex/generic/pgf/basiclayer/pgfcorearrows.code.te
x
File: pgfcorearrows.code.tex 2020/12/27 v3.1.8b (3.1.8b)
\pgfarrowsep=\dimen176
)
(/usr/share/texlive/texmf-dist/tex/generic/pgf/basiclayer/pgfcoreshade.code.tex
File: pgfcoreshade.code.tex 2020/12/27 v3.1.8b (3.1.8b)
\pgf@max=\dimen177
\pgf@sys@shading@range@num=\count195
\pgf@shadingcount=\count196
)
(/usr/share/texlive/texmf-dist/tex/generic/pgf/basiclayer/pgfcoreimage.code.tex
File: pgfcoreimage.code.tex 2020/12/27 v3.1.8b (3.1.8b)

(/usr/share/texlive/texmf-dist/tex/generic/pgf/basiclayer/pgfcoreexternal.code.
tex
File: pgfcoreexternal.code.tex 2020/12/27 v3.1.8b (3.1.8b)
\pgfexternal@startupbox=\box52
))
(/usr/share/texlive/texmf-dist/tex/generic/pgf/basiclayer/pgfcorelayers.code.te
x
File: pgfcorelayers.code.tex 2020/12/27 v3.1.8b (3.1.8b)
)
(/usr/share/texlive/texmf-dist/tex/generic/pgf/basiclayer/pgfcoretransparency.c
ode.tex
File: pgfcoretransparency.code.tex 2020/12/27 v3.1.8b (3.1.8b)
)
(/usr/share/texlive/texmf-dist/tex/generic/pgf/basiclayer/pgfcorepatterns.code.
tex
File: pgfcorepatterns.code.tex 2020/12/27 v3.1.8b (3.1.8b)
)
(/usr/share/texlive/texmf-dist/tex/generic/pgf/basiclayer/pgfcorerdf.code.tex
File: pgfcorerdf.code.tex 2020/12/27 v3.1.8b (3.1.8b)
)))
(/usr/share/texlive/texmf-dist/tex/generic/pgf/modules/pgfmoduleshapes.code.tex
File: pgfmoduleshapes.code.tex 2020/12/27 v3.1.8b (3.1.8b)
\pgfnodeparttextbox=\box53
) (/usr/share/texlive/texmf-dist/tex/generic/pgf/modules/pgfmoduleplot.code.tex
File: pgfmoduleplot.code.tex 2020/12/27 v3.1.8b (3.1.8b)
)
(/usr/share/texlive/texmf-dist/tex/latex/pgf/compatibility/pgfcomp-version-0-65
.sty
Package: pgfcomp-version-0-65 2020/12/27 v3.1.8b (3.1.8b)
\pgf@nodesepstart=\dimen178
\pgf@nodesepend=\dimen179
)
(/usr/share/texlive/texmf-dist/tex/latex/pgf/compatibility/pgfcomp-version-1-18
.sty
Package: pgfcomp-version-1-18 2020/12/27 v3.1.8b (3.1.8b)
)) (/usr/share/texlive/texmf-dist/tex/latex/pgf/utilities/pgffor.sty
(/usr/share/texlive/texmf-dist/tex/latex/pgf/utilities/pgfkeys.sty
(/usr/share/texlive/texmf-dist/tex/generic/pgf/utilities/pgfkeys.code.tex))
(/usr/share/texlive/texmf-dist/tex/latex/pgf/math/pgfmath.sty
(/usr/share/texlive/texmf-dist/tex/generic/pgf/math/pgfmath.code.tex))
(/usr/share/texlive/texmf-dist/tex/generic/pgf/utilities/pgffor.code.tex
Package: pgffor 2020/12/27 v3.1.8b (3.1.8b)

(/usr/share/texlive/texmf-dist/tex/generic/pgf/math/pgfmath.code.tex)
\pgffor@iter=\dimen180
\pgffor@skip=\dimen181
\pgffor@stack=\toks28
\pgffor@toks=\toks29
))
(/usr/share/texlive/texmf-dist/tex/generic/pgf/frontendlayer/tikz/tikz.code.tex
Package: tikz 2020/12/27 v3.1.8b (3.1.8b)

(/usr/share/texlive/texmf-dist/tex/generic/pgf/libraries/pgflibraryplothandlers
.code.tex
File: pgflibraryplothandlers.code.tex 2020/12/27 v3.1.8b (3.1.8b)
\pgf@plot@mark@count=\count197
\pgfplotmarksize=\dimen182
)
\tikz@lastx=\dimen183
\tikz@lasty=\dimen184
\tikz@lastxsaved=\dimen185
\tikz@lastysaved=\dimen186
\tikz@lastmovetox=\dimen187
\tikz@lastmovetoy=\dimen188
\tikzleveldistance=\dimen189
\tikzsiblingdistance=\dimen190
\tikz@figbox=\box54
\tikz@figbox@bg=\box55
\tikz@tempbox=\box56
\tikz@tempbox@bg=\box57
\tikztreelevel=\count198
\tikznumberofchildren=\count199
\tikznumberofcurrentchild=\count266
\tikz@fig@count=\count267

(/usr/share/texlive/texmf-dist/tex/generic/pgf/modules/pgfmodulematrix.code.tex
File: pgfmodulematrix.code.tex 2020/12/27 v3.1.8b (3.1.8b)
\pgfmatrixcurrentrow=\count268
\pgfmatrixcurrentcolumn=\count269
\pgf@matrix@numberofcolumns=\count270
)
\tikz@expandcount=\count271

(/usr/share/texlive/texmf-dist/tex/generic/pgf/frontendlayer/tikz/libraries/tik
zlibrarytopaths.code.tex
File: tikzlibrarytopaths.code.tex 2020/12/27 v3.1.8b (3.1.8b)
)))
(/usr/share/texlive/texmf-dist/tex/latex/subfiles/subfiles.sty
Package: subfiles 2020/11/14 v2.2 Multi-file projects (package)

(/usr/share/texlive/texmf-dist/tex/latex/import/import.sty
Package: import 2020/04/01  v 6.2
))
(/usr/share/texlive/texmf-dist/tex/latex/base/fontenc.sty
Package: fontenc 2020/08/10 v2.0s Standard LaTeX package
)
(/usr/share/texlive/texmf-dist/tex/latex/titlepic/titlepic.sty
Package: titlepic 2017/03/14 1.2 Package to display a picture on the title page

)
(/usr/share/texlive/texmf-dist/tex/latex/amsfonts/amssymb.sty
Package: amssymb 2013/01/14 v3.01 AMS font symbols

(/usr/share/texlive/texmf-dist/tex/latex/amsfonts/amsfonts.sty
Package: amsfonts 2013/01/14 v3.01 Basic AMSFonts support
\@emptytoks=\toks30
\symAMSa=\mathgroup4
\symAMSb=\mathgroup5
LaTeX Font Info:    Redeclaring math symbol \hbar on input line 98.
LaTeX Font Info:    Overwriting math alphabet `\mathfrak' in version `bold'
(Font)                  U/euf/m/n --> U/euf/b/n on input line 106.
))
(/usr/share/texlive/texmf-dist/tex/latex/tools/array.sty
Package: array 2020/10/01 v2.5c Tabular extension package (FMi)
\col@sep=\dimen191
\ar@mcellbox=\box58
\extrarowheight=\dimen192
\NC@list=\toks31
\extratabsurround=\skip49
\backup@length=\skip50
\ar@cellbox=\box59
)
(/usr/share/texlive/texmf-dist/tex/latex/float/float.sty
Package: float 2001/11/08 v1.3d Float enhancements (AL)
\c@float@type=\count272
\float@exts=\toks32
\float@box=\box60
\@float@everytoks=\toks33
\@floatcapt=\box61
)
(/usr/share/texlive/texmf-dist/tex/latex/caption/caption.sty
Package: caption 2020/10/26 v3.5g Customizing captions (AR)

(/usr/share/texlive/texmf-dist/tex/latex/caption/caption3.sty
Package: caption3 2020/10/21 v2.2e caption3 kernel (AR)
\captionmargin=\dimen193
\captionmargin@=\dimen194
\captionwidth=\dimen195
\caption@tempdima=\dimen196
\caption@indent=\dimen197
\caption@parindent=\dimen198
\caption@hangindent=\dimen199
Package caption Info: Standard document class detected.
)
\c@caption@flags=\count273
\c@continuedfloat=\count274
Package caption Info: float package is loaded.
)
(/usr/share/texlive/texmf-dist/tex/latex/caption/subcaption.sty
Package: subcaption 2020/10/07 v1.3j Sub-captions (AR)
\c@subfigure=\count275
\c@subtable=\count276
)
(/usr/share/texlive/texmf-dist/tex/latex/amsmath/amsmath.sty
Package: amsmath 2020/09/23 v2.17i AMS math features
\@mathmargin=\skip51

For additional information on amsmath, use the `?' option.
(/usr/share/texlive/texmf-dist/tex/latex/amsmath/amstext.sty
Package: amstext 2000/06/29 v2.01 AMS text

(/usr/share/texlive/texmf-dist/tex/latex/amsmath/amsgen.sty
File: amsgen.sty 1999/11/30 v2.0 generic functions
\@emptytoks=\toks34
\ex@=\dimen256
))
(/usr/share/texlive/texmf-dist/tex/latex/amsmath/amsbsy.sty
Package: amsbsy 1999/11/29 v1.2d Bold Symbols
\pmbraise@=\dimen257
)
(/usr/share/texlive/texmf-dist/tex/latex/amsmath/amsopn.sty
Package: amsopn 2016/03/08 v2.02 operator names
)
\inf@bad=\count277
LaTeX Info: Redefining \frac on input line 234.
\uproot@=\count278
\leftroot@=\count279
LaTeX Info: Redefining \overline on input line 399.
\classnum@=\count280
\DOTSCASE@=\count281
LaTeX Info: Redefining \ldots on input line 496.
LaTeX Info: Redefining \dots on input line 499.
LaTeX Info: Redefining \cdots on input line 620.
\Mathstrutbox@=\box62
\strutbox@=\box63
\big@size=\dimen258
LaTeX Font Info:    Redeclaring font encoding OML on input line 743.
LaTeX Font Info:    Redeclaring font encoding OMS on input line 744.
\macc@depth=\count282
\c@MaxMatrixCols=\count283
\dotsspace@=\muskip16
\c@parentequation=\count284
\dspbrk@lvl=\count285
\tag@help=\toks35
\row@=\count286
\column@=\count287
\maxfields@=\count288
\andhelp@=\toks36
\eqnshift@=\dimen259
\alignsep@=\dimen260
\tagshift@=\dimen261
\tagwidth@=\dimen262
\totwidth@=\dimen263
\lineht@=\dimen264
\@envbody=\toks37
\multlinegap=\skip52
\multlinetaggap=\skip53
\mathdisplay@stack=\toks38
LaTeX Info: Redefining \[ on input line 2923.
LaTeX Info: Redefining \] on input line 2924.
)
(/usr/share/texlive/texmf-dist/tex/latex/algorithm2e/algorithm2e.sty
Package: algorithm2e 2017/07/18 v5.2 algorithms environments
\c@AlgoLine=\count289

(/usr/share/texlive/texmf-dist/tex/latex/base/ifthen.sty
Package: ifthen 2014/09/29 v1.1c Standard LaTeX ifthen package (DPC)
)
\algocf@hangindent=\skip54

(/usr/share/texlive/texmf-dist/tex/latex/ifoddpage/ifoddpage.sty
Package: ifoddpage 2016/04/23 v1.1 Conditionals for odd/even page detection
\c@checkoddpage=\count290
)
(/usr/share/texlive/texmf-dist/tex/latex/tools/xspace.sty
Package: xspace 2014/10/28 v1.13 Space after command names (DPC,MH)
)
(/usr/share/texlive/texmf-dist/tex/latex/relsize/relsize.sty
Package: relsize 2013/03/29 ver 4.1
)
\skiptotal=\skip55
\skiplinenumber=\skip56
\skiprule=\skip57
\skiphlne=\skip58
\skiptext=\skip59
\skiplength=\skip60
\algomargin=\skip61
\skipalgocfslide=\skip62
\algowidth=\dimen265
\inoutsize=\dimen266
\inoutindent=\dimen267
\interspacetitleruled=\dimen268
\interspacealgoruled=\dimen269
\interspacetitleboxruled=\dimen270
\algocf@ruledwidth=\skip63
\algocf@inoutbox=\box64
\algocf@inputbox=\box65
\AlCapSkip=\skip64
\AlCapHSkip=\skip65
\algoskipindent=\skip66
\algocf@nlbox=\box66
\algocf@hangingbox=\box67
\algocf@untilbox=\box68
\algocf@skipuntil=\skip67
\algocf@capbox=\box69
\algocf@lcaptionbox=\skip68
\algoheightruledefault=\skip69
\algoheightrule=\skip70
\algotitleheightruledefault=\skip71
\algotitleheightrule=\skip72
\c@algocfline=\count291
\c@algocfproc=\count292
\c@algocf=\count293
\algocf@algoframe=\box70
\algocf@algobox=\box71
)
(/usr/share/texlive/texmf-dist/tex/latex/algorithms/algorithmic.sty
Package: algorithmic 2009/08/24 v0.1 Document Style `algorithmic'
\c@ALC@unique=\count294
\c@ALC@line=\count295
\c@ALC@rem=\count296
\c@ALC@depth=\count297
\ALC@tlm=\skip73
\algorithmicindent=\skip74
)
(/usr/share/texlive/texmf-dist/tex/latex/forest/forest.sty
Package: forest 2017/07/14 v2.1.5 Drawing (linguistic) trees

(/usr/share/texlive/texmf-dist/tex/generic/pgf/frontendlayer/tikz/libraries/tik
zlibraryshapes.code.tex
File: tikzlibraryshapes.code.tex 2020/12/27 v3.1.8b (3.1.8b)

(/usr/share/texlive/texmf-dist/tex/generic/pgf/frontendlayer/tikz/libraries/tik
zlibraryshapes.geometric.code.tex
File: tikzlibraryshapes.geometric.code.tex 2020/12/27 v3.1.8b (3.1.8b)

(/usr/share/texlive/texmf-dist/tex/generic/pgf/libraries/shapes/pgflibraryshape
s.geometric.code.tex
File: pgflibraryshapes.geometric.code.tex 2020/12/27 v3.1.8b (3.1.8b)
))
(/usr/share/texlive/texmf-dist/tex/generic/pgf/frontendlayer/tikz/libraries/tik
zlibraryshapes.misc.code.tex
File: tikzlibraryshapes.misc.code.tex 2020/12/27 v3.1.8b (3.1.8b)

(/usr/share/texlive/texmf-dist/tex/generic/pgf/libraries/shapes/pgflibraryshape
s.misc.code.tex
File: pgflibraryshapes.misc.code.tex 2020/12/27 v3.1.8b (3.1.8b)
))
(/usr/share/texlive/texmf-dist/tex/generic/pgf/frontendlayer/tikz/libraries/tik
zlibraryshapes.symbols.code.tex
File: tikzlibraryshapes.symbols.code.tex 2020/12/27 v3.1.8b (3.1.8b)

(/usr/share/texlive/texmf-dist/tex/generic/pgf/libraries/shapes/pgflibraryshape
s.symbols.code.tex
File: pgflibraryshapes.symbols.code.tex 2020/12/27 v3.1.8b (3.1.8b)
))
(/usr/share/texlive/texmf-dist/tex/generic/pgf/frontendlayer/tikz/libraries/tik
zlibraryshapes.arrows.code.tex
File: tikzlibraryshapes.arrows.code.tex 2020/12/27 v3.1.8b (3.1.8b)

(/usr/share/texlive/texmf-dist/tex/generic/pgf/libraries/shapes/pgflibraryshape
s.arrows.code.tex
File: pgflibraryshapes.arrows.code.tex 2020/12/27 v3.1.8b (3.1.8b)
))
(/usr/share/texlive/texmf-dist/tex/generic/pgf/frontendlayer/tikz/libraries/tik
zlibraryshapes.callouts.code.tex
(/usr/share/texlive/texmf-dist/tex/generic/pgf/libraries/shapes/pgflibraryshape
s.callouts.code.tex))
(/usr/share/texlive/texmf-dist/tex/generic/pgf/frontendlayer/tikz/libraries/tik
zlibraryshapes.multipart.code.tex
File: tikzlibraryshapes.multipart.code.tex 2020/12/27 v3.1.8b (3.1.8b)

(/usr/share/texlive/texmf-dist/tex/generic/pgf/libraries/shapes/pgflibraryshape
s.multipart.code.tex
File: pgflibraryshapes.multipart.code.tex 2020/12/27 v3.1.8b (3.1.8b)
\pgfnodepartlowerbox=\box72
\pgfnodeparttwobox=\box73
\pgfnodepartthreebox=\box74
\pgfnodepartfourbox=\box75
\pgfnodeparttwentybox=\box76
\pgfnodepartnineteenbox=\box77
\pgfnodeparteighteenbox=\box78
\pgfnodepartseventeenbox=\box79
\pgfnodepartsixteenbox=\box80
\pgfnodepartfifteenbox=\box81
\pgfnodepartfourteenbox=\box82
\pgfnodepartthirteenbox=\box83
\pgfnodeparttwelvebox=\box84
\pgfnodepartelevenbox=\box85
\pgfnodeparttenbox=\box86
\pgfnodepartninebox=\box87
\pgfnodeparteightbox=\box88
\pgfnodepartsevenbox=\box89
\pgfnodepartsixbox=\box90
\pgfnodepartfivebox=\box91
)))
(/usr/share/texlive/texmf-dist/tex/generic/pgf/frontendlayer/tikz/libraries/tik
zlibraryfit.code.tex
File: tikzlibraryfit.code.tex 2020/12/27 v3.1.8b (3.1.8b)
)
(/usr/share/texlive/texmf-dist/tex/generic/pgf/frontendlayer/tikz/libraries/tik
zlibrarycalc.code.tex
File: tikzlibrarycalc.code.tex 2020/12/27 v3.1.8b (3.1.8b)
)
(/usr/share/texlive/texmf-dist/tex/generic/pgf/libraries/pgflibraryintersection
s.code.tex
(/usr/share/texlive/texmf-dist/tex/generic/pgf/libraries/pgflibraryfpu.code.tex
)
\pgf@intersect@solutions=\count298
) (/usr/share/texlive/texmf-dist/tex/latex/pgfopts/pgfopts.sty
Package: pgfopts 2014/07/10 v2.1a LaTeX package options with pgfkeys
\pgfopts@list@add@a@toks=\toks39
\pgfopts@list@add@b@toks=\toks40
)
(/usr/share/texlive/texmf-dist/tex/latex/etoolbox/etoolbox.sty
Package: etoolbox 2020/10/05 v2.5k e-TeX tools for LaTeX (JAW)
\etb@tempcnta=\count299
)
(/usr/share/texlive/texmf-dist/tex/latex/elocalloc/elocalloc.sty
Package: elocalloc 2016/12/15 v0.03 local allocation for LaTeX 2015+ (DPC)
)
(/usr/share/texlive/texmf-dist/tex/latex/environ/environ.sty
Package: environ 2014/05/04 v0.3 A new way to define environments

(/usr/share/texlive/texmf-dist/tex/latex/trimspaces/trimspaces.sty
Package: trimspaces 2009/09/17 v1.1 Trim spaces around a token list
))
(/usr/share/texlive/texmf-dist/tex/latex/l3packages/xparse/xparse.sty
(/usr/share/texlive/texmf-dist/tex/latex/l3kernel/expl3.sty
Package: expl3 2021-01-09 L3 programming layer (loader) 

(/usr/share/texlive/texmf-dist/tex/latex/l3backend/l3backend-pdftex.def
File: l3backend-pdftex.def 2020-01-29 L3 backend support: PDF output (pdfTeX)
\l__color_backend_stack_int=\count300
\l__pdf_internal_box=\box92
))
Package: xparse 2020-10-27 L3 Experimental document command parser

(/usr/share/texlive/texmf-dist/tex/latex/l3packages/xparse/xparse-generic.tex))
(/usr/share/texlive/texmf-dist/tex/latex/inlinedef/inlinedef.sty
Package: inlinedef 2008/07/10 v1.0 Inlined expansions within definitions
\ID@toks=\toks41
\ID@count=\count301
)
\ID@usercommands=\toks42
\safeloop@depth=\count302
\safeRKloop@depth=\count303
\forest@temp@dimen=\dimen271
\forest@temp@count=\count304
\forest@n=\count305
\forest@temp@global@count=\count306
\forest@temp@toks=\toks43
\forest@temparray@M=\count307
\forest@temparray@N=\count308
\forest@global@temparray@M=\count309
\forest@global@temparray@N=\count310
\forest@isnum@count=\count311
\forest@isdim@nonintpart=\count312
\forest@isdim@dimen=\dimen272
\forest@sort@m=\count313
\forest@sort@k=\count314
\forest@sort@p=\count315
\bracket@content=\toks44
\bracket@afterthought=\toks45
\forest@node@maxid=\count316
\forest@process@left@M=\count317
\forest@process@left@N=\count318
\forest@process@right@M=\count319
\forest@process@right@N=\count320
\forest@process@saved@M=\count321
\forest@process@saved@N=\count322
\forest@process@result@M=\count323
\forest@process@result@N=\count324
\forest@process@n=\count325
\forest@nodewalk@branch@toks=\toks46
\forest@nodewalk@shortsteps@resolution=\toks47
\forest@do@dynamics=\toks48
\forest@box=\box93
\forest@xg=\dimen273
\forest@yg=\dimen274
\forest@xs=\dimen275
\forest@ys=\dimen276
\forest@pi@toks=\toks49
\forest@segment@toks=\toks50
\forest@PIi@toks=\toks51
\forest@PIii@toks=\toks52
\forest@copy@in=\read3
\forest@copy@out=\write4
\forest@externalize@max@outer@n=\count326
\forest@externalize@inner@n=\count327
)
(/usr/share/texlive/texmf-dist/tex/latex/commath/commath.sty)
(/usr/share/texlive/texmf-dist/tex/latex/pdfpages/pdfpages.sty
Package: pdfpages 2021/01/09 v0.5r Insert pages of external PDF documents (AM)

(/usr/share/texlive/texmf-dist/tex/latex/tools/calc.sty
Package: calc 2017/05/25 v4.3 Infix arithmetic (KKT,FJ)
\calc@Acount=\count328
\calc@Bcount=\count329
\calc@Adimen=\dimen277
\calc@Bdimen=\dimen278
\calc@Askip=\skip75
\calc@Bskip=\skip76
LaTeX Info: Redefining \setlength on input line 80.
LaTeX Info: Redefining \addtolength on input line 81.
\calc@Ccount=\count330
\calc@Cskip=\skip77
)
(/usr/share/texlive/texmf-dist/tex/latex/eso-pic/eso-pic.sty
Package: eso-pic 2020/10/14 v3.0a eso-pic (RN)
\ESO@tempdima=\dimen279
\ESO@tempdimb=\dimen280
)
\AM@pagewidth=\dimen281
\AM@pageheight=\dimen282

(/usr/share/texlive/texmf-dist/tex/latex/pdfpages/pppdftex.def
File: pppdftex.def 2021/01/09 v0.5r Pdfpages driver for pdfTeX (AM)
)
\pdfpages@includegraphics@status=\count331
\AM@pagebox=\box94
\AM@global@opts=\toks53
\AM@pagecnt=\count332
\AM@toc@title=\toks54
\c@AM@survey=\count333
\AM@templatesizebox=\box95
)
(/usr/share/texlive/texmf-dist/tex/latex/placeins/placeins.sty
Package: placeins 2005/04/18  v 2.2
)
(/usr/share/texlive/texmf-dist/tex/latex/hyperref/hyperref.sty
Package: hyperref 2020-05-15 v7.00e Hypertext links for LaTeX

(/usr/share/texlive/texmf-dist/tex/generic/ltxcmds/ltxcmds.sty
Package: ltxcmds 2020-05-10 v1.25 LaTeX kernel commands for general use (HO)
)
(/usr/share/texlive/texmf-dist/tex/generic/iftex/iftex.sty
Package: iftex 2020/03/06 v1.0d TeX engine tests
)
(/usr/share/texlive/texmf-dist/tex/generic/pdftexcmds/pdftexcmds.sty
Package: pdftexcmds 2020-06-27 v0.33 Utility functions of pdfTeX for LuaTeX (HO
)

(/usr/share/texlive/texmf-dist/tex/generic/infwarerr/infwarerr.sty
Package: infwarerr 2019/12/03 v1.5 Providing info/warning/error messages (HO)
)
Package pdftexcmds Info: \pdf@primitive is available.
Package pdftexcmds Info: \pdf@ifprimitive is available.
Package pdftexcmds Info: \pdfdraftmode found.
)
(/usr/share/texlive/texmf-dist/tex/generic/kvsetkeys/kvsetkeys.sty
Package: kvsetkeys 2019/12/15 v1.18 Key value parser (HO)
)
(/usr/share/texlive/texmf-dist/tex/generic/kvdefinekeys/kvdefinekeys.sty
Package: kvdefinekeys 2019-12-19 v1.6 Define keys (HO)
)
(/usr/share/texlive/texmf-dist/tex/generic/pdfescape/pdfescape.sty
Package: pdfescape 2019/12/09 v1.15 Implements pdfTeX's escape features (HO)
)
(/usr/share/texlive/texmf-dist/tex/latex/hycolor/hycolor.sty
Package: hycolor 2020-01-27 v1.10 Color options for hyperref/bookmark (HO)
)
(/usr/share/texlive/texmf-dist/tex/latex/letltxmacro/letltxmacro.sty
Package: letltxmacro 2019/12/03 v1.6 Let assignment for LaTeX macros (HO)
)
(/usr/share/texlive/texmf-dist/tex/latex/auxhook/auxhook.sty
Package: auxhook 2019-12-17 v1.6 Hooks for auxiliary files (HO)
)
(/usr/share/texlive/texmf-dist/tex/latex/kvoptions/kvoptions.sty
Package: kvoptions 2020-10-07 v3.14 Key value format for package options (HO)
)
\@linkdim=\dimen283
\Hy@linkcounter=\count334
\Hy@pagecounter=\count335

(/usr/share/texlive/texmf-dist/tex/latex/hyperref/pd1enc.def
File: pd1enc.def 2020-05-15 v7.00e Hyperref: PDFDocEncoding definition (HO)
Now handling font encoding PD1 ...
... no UTF-8 mapping file for font encoding PD1
)
(/usr/share/texlive/texmf-dist/tex/generic/intcalc/intcalc.sty
Package: intcalc 2019/12/15 v1.3 Expandable calculations with integers (HO)
)
(/usr/share/texlive/texmf-dist/tex/generic/etexcmds/etexcmds.sty
Package: etexcmds 2019/12/15 v1.7 Avoid name clashes with e-TeX commands (HO)
)
\Hy@SavedSpaceFactor=\count336
Package hyperref Info: Hyper figures OFF on input line 4464.
Package hyperref Info: Link nesting OFF on input line 4469.
Package hyperref Info: Hyper index ON on input line 4472.
Package hyperref Info: Plain pages OFF on input line 4479.
Package hyperref Info: Backreferencing OFF on input line 4484.
Package hyperref Info: Implicit mode ON; LaTeX internals redefined.
Package hyperref Info: Bookmarks ON on input line 4717.
\c@Hy@tempcnt=\count337

(/usr/share/texlive/texmf-dist/tex/latex/url/url.sty
\Urlmuskip=\muskip17
Package: url 2013/09/16  ver 3.4  Verb mode for urls, etc.
)
LaTeX Info: Redefining \url on input line 5076.
\XeTeXLinkMargin=\dimen284

(/usr/share/texlive/texmf-dist/tex/generic/bitset/bitset.sty
Package: bitset 2019/12/09 v1.3 Handle bit-vector datatype (HO)

(/usr/share/texlive/texmf-dist/tex/generic/bigintcalc/bigintcalc.sty
Package: bigintcalc 2019/12/15 v1.5 Expandable calculations on big integers (HO
)
))
\Fld@menulength=\count338
\Field@Width=\dimen285
\Fld@charsize=\dimen286
Package hyperref Info: Hyper figures OFF on input line 6347.
Package hyperref Info: Link nesting OFF on input line 6352.
Package hyperref Info: Hyper index ON on input line 6355.
Package hyperref Info: backreferencing OFF on input line 6362.
Package hyperref Info: Link coloring OFF on input line 6367.
Package hyperref Info: Link coloring with OCG OFF on input line 6372.
Package hyperref Info: PDF/A mode OFF on input line 6377.
LaTeX Info: Redefining \ref on input line 6417.
LaTeX Info: Redefining \pageref on input line 6421.

(/usr/share/texlive/texmf-dist/tex/latex/base/atbegshi-ltx.sty
Package: atbegshi-ltx 2020/08/17 v1.0a Emulation of the original atbegshi packa
ge
with kernel methods
)
\Hy@abspage=\count339
\c@Item=\count340
\c@Hfootnote=\count341
)
Package hyperref Info: Driver (autodetected): hpdftex.

(/usr/share/texlive/texmf-dist/tex/latex/hyperref/hpdftex.def
File: hpdftex.def 2020-05-15 v7.00e Hyperref driver for pdfTeX

(/usr/share/texlive/texmf-dist/tex/latex/base/atveryend-ltx.sty
Package: atveryend-ltx 2020/08/19 v1.0a Emulation of the original atvery packag
e
with kernel methods
)
\Fld@listcount=\count342
\c@bookmark@seq@number=\count343

(/usr/share/texlive/texmf-dist/tex/latex/rerunfilecheck/rerunfilecheck.sty
Package: rerunfilecheck 2019/12/05 v1.9 Rerun checks for auxiliary files (HO)

(/usr/share/texlive/texmf-dist/tex/generic/uniquecounter/uniquecounter.sty
Package: uniquecounter 2019/12/15 v1.4 Provide unlimited unique counter (HO)
)
Package uniquecounter Info: New unique counter `rerunfilecheck' on input line 2
86.
)
\Hy@SectionHShift=\skip78
)
Package hyperref Info: Option `colorlinks' set `true' on input line 29.

(./main.aux)
\openout1 = `main.aux'.

LaTeX Font Info:    Checking defaults for OML/cmm/m/it on input line 40.
LaTeX Font Info:    ... okay on input line 40.
LaTeX Font Info:    Checking defaults for OMS/cmsy/m/n on input line 40.
LaTeX Font Info:    ... okay on input line 40.
LaTeX Font Info:    Checking defaults for OT1/cmr/m/n on input line 40.
LaTeX Font Info:    ... okay on input line 40.
LaTeX Font Info:    Checking defaults for T1/cmr/m/n on input line 40.
LaTeX Font Info:    ... okay on input line 40.
LaTeX Font Info:    Checking defaults for TS1/cmr/m/n on input line 40.
LaTeX Font Info:    ... okay on input line 40.
LaTeX Font Info:    Checking defaults for OMX/cmex/m/n on input line 40.
LaTeX Font Info:    ... okay on input line 40.
LaTeX Font Info:    Checking defaults for U/cmr/m/n on input line 40.
LaTeX Font Info:    ... okay on input line 40.
LaTeX Font Info:    Checking defaults for PD1/pdf/m/n on input line 40.
LaTeX Font Info:    ... okay on input line 40.
 (/usr/share/texlive/texmf-dist/tex/context/base/mkii/supp-pdf.mkii
[Loading MPS to PDF converter (version 2006.09.02).]
\scratchcounter=\count344
\scratchdimen=\dimen287
\scratchbox=\box96
\nofMPsegments=\count345
\nofMParguments=\count346
\everyMPshowfont=\toks55
\MPscratchCnt=\count347
\MPscratchDim=\dimen288
\MPnumerator=\count348
\makeMPintoPDFobject=\count349
\everyMPtoPDFconversion=\toks56
) (/usr/share/texlive/texmf-dist/tex/latex/epstopdf-pkg/epstopdf-base.sty
Package: epstopdf-base 2020-01-24 v2.11 Base part for package epstopdf
Package epstopdf-base Info: Redefining graphics rule for `.eps' on input line 4
85.

(/usr/share/texlive/texmf-dist/tex/latex/latexconfig/epstopdf-sys.cfg
File: epstopdf-sys.cfg 2010/07/13 v1.3 Configuration of (r)epstopdf for TeX Liv
e
))
Package caption Info: Begin \AtBeginDocument code.
Package caption Info: hyperref package is loaded.
Package caption Info: End \AtBeginDocument code.

(/usr/share/texlive/texmf-dist/tex/latex/pdflscape/pdflscape.sty
Package: pdflscape 2019/12/05 v0.12 Display of landscape pages in PDF (HO)

(/usr/share/texlive/texmf-dist/tex/latex/graphics/lscape.sty
Package: lscape 2020/05/28 v3.02 Landscape Pages (DPC)
)
Package pdflscape Info: Auto-detected driver: pdftex on input line 81.
)
Package hyperref Info: Link coloring ON on input line 40.

(/usr/share/texlive/texmf-dist/tex/latex/hyperref/nameref.sty
Package: nameref 2019/09/16 v2.46 Cross-referencing by name of section

(/usr/share/texlive/texmf-dist/tex/latex/refcount/refcount.sty
Package: refcount 2019/12/15 v3.6 Data extraction from label references (HO)
)
(/usr/share/texlive/texmf-dist/tex/generic/gettitlestring/gettitlestring.sty
Package: gettitlestring 2019/12/15 v1.6 Cleanup title references (HO)
)
\c@section@level=\count350
)
LaTeX Info: Redefining \ref on input line 40.
LaTeX Info: Redefining \pageref on input line 40.
LaTeX Info: Redefining \nameref on input line 40.

(./main.out) (./main.out)
\@outlinefile=\write5
\openout5 = `main.out'.

LaTeX Font Info:    Trying to load font information for U+msa on input line 43.


(/usr/share/texlive/texmf-dist/tex/latex/amsfonts/umsa.fd
File: umsa.fd 2013/01/14 v3.01 AMS symbols A
)
LaTeX Font Info:    Trying to load font information for U+msb on input line 43.


(/usr/share/texlive/texmf-dist/tex/latex/amsfonts/umsb.fd
File: umsb.fd 2013/01/14 v3.01 AMS symbols B
)
<Pictures/logoBUET.png, id=79, 513.92pt x 516.93124pt>
File: Pictures/logoBUET.png Graphic file (type png)
<use Pictures/logoBUET.png>
Package pdftex.def Info: Pictures/logoBUET.png  used on input line 48.
(pdftex.def)             Requested size: 86.25pt x 86.74919pt.
 [1

{/var/lib/texmf/fonts/map/pdftex/updmap/pdftex.map} <./Pictures/logoBUET.png>] 
(./main.toc)
\tf@toc=\write6
\openout6 = `main.toc'.


[2] (./main.lof)
\tf@lof=\write7
\openout7 = `main.lof'.

 [3]
Underfull \hbox (badness 10000) in paragraph at lines 105--106

 []

[4]
<Pictures/algo/algo.png, id=208, 398.99063pt x 197.23688pt>
File: Pictures/algo/algo.png Graphic file (type png)
<use Pictures/algo/algo.png>
Package pdftex.def Info: Pictures/algo/algo.png  used on input line 109.
(pdftex.def)             Requested size: 310.4979pt x 153.49802pt.
<Pictures/algo/algo2.png, id=209, 482.80376pt x 315.1775pt>
File: Pictures/algo/algo2.png Graphic file (type png)
<use Pictures/algo/algo2.png>
Package pdftex.def Info: Pictures/algo/algo2.png  used on input line 146.
(pdftex.def)             Requested size: 310.4979pt x 202.7036pt.
 [5 <./Pictures/algo/algo.png (PNG copy)>]
<Pictures/algo/algo3.png, id=220, 466.74374pt x 465.74pt>
File: Pictures/algo/algo3.png Graphic file (type png)
<use Pictures/algo/algo3.png>
Package pdftex.def Info: Pictures/algo/algo3.png  used on input line 152.
(pdftex.def)             Requested size: 310.4979pt x 309.84113pt.
<Pictures/algo/algo4.png, id=221, 469.755pt x 453.695pt>
File: Pictures/algo/algo4.png Graphic file (type png)
<use Pictures/algo/algo4.png>
Package pdftex.def Info: Pictures/algo/algo4.png  used on input line 158.
(pdftex.def)             Requested size: 310.4979pt x 299.88269pt.


LaTeX Warning: `!h' float specifier changed to `!ht'.

[6 <./Pictures/algo/algo2.png>] [7 <./Pictures/algo/algo3.png>] [8 <./Pictures/
algo/algo4.png>]
<Pictures/algo/rtt_estimator2.png, id=235, 698.61pt x 198.7425pt>
File: Pictures/algo/rtt_estimator2.png Graphic file (type png)
<use Pictures/algo/rtt_estimator2.png>
Package pdftex.def Info: Pictures/algo/rtt_estimator2.png  used on input line 1
75.
(pdftex.def)             Requested size: 310.4979pt x 88.33247pt.

Underfull \hbox (badness 10000) in paragraph at lines 172--177

 []

<Pictures/algo/tcp-socket-base.h.png, id=236, 541.02126pt x 88.33pt>
File: Pictures/algo/tcp-socket-base.h.png Graphic file (type png)
<use Pictures/algo/tcp-socket-base.h.png>
Package pdftex.def Info: Pictures/algo/tcp-socket-base.h.png  used on input lin
e 183.
(pdftex.def)             Requested size: 310.4979pt x 50.69499pt.

Underfull \hbox (badness 10000) in paragraph at lines 180--185

 []


Underfull \hbox (badness 10000) in paragraph at lines 189--190

 []

<Pictures/algo/tcp-socket-base1.png, id=237, 791.95876pt x 365.365pt>
File: Pictures/algo/tcp-socket-base1.png Graphic file (type png)
<use Pictures/algo/tcp-socket-base1.png>
Package pdftex.def Info: Pictures/algo/tcp-socket-base1.png  used on input line
 193.
(pdftex.def)             Requested size: 310.4979pt x 143.2444pt.
[9

 <./Pictures/algo/rtt_estimator2.png> <./Pictures/algo/tcp-socket-base.h.png>]
<Pictures/algo/tcp-socket-base2.png, id=242, 831.105pt x 184.69pt>
File: Pictures/algo/tcp-socket-base2.png Graphic file (type png)
<use Pictures/algo/tcp-socket-base2.png>
Package pdftex.def Info: Pictures/algo/tcp-socket-base2.png  used on input line
 199.
(pdftex.def)             Requested size: 310.4979pt x 68.9993pt.
<Pictures/algo/tcp-socket-base3.png, id=243, 720.6925pt x 497.86pt>
File: Pictures/algo/tcp-socket-base3.png Graphic file (type png)
<use Pictures/algo/tcp-socket-base3.png>
Package pdftex.def Info: Pictures/algo/tcp-socket-base3.png  used on input line
 207.
(pdftex.def)             Requested size: 310.4979pt x 214.49344pt.
 [10 <./Pictures/algo/tcp-socket-base1.png> <./Pictures/algo/tcp-socket-base2.p
ng>]
Overfull \hbox (2.4213pt too wide) in paragraph at lines 211--212
[]\T1/cmr/m/n/10 The next piece of mod-i-fi-ca-tion is com-mon for both []Tcp-S
ock-et-Base::NewAck
 []


Overfull \hbox (53.96317pt too wide) in paragraph at lines 211--212
\T1/cmr/m/n/10 (Se-quen-ceNum-ber32 const ack, bool re-setRTO)[] and []Tcp-Sock
-et-Base::SendEmptyPacket
 []

<Pictures/algo/tcp-socket-base4.png, id=248, 708.6475pt x 277.035pt>
File: Pictures/algo/tcp-socket-base4.png Graphic file (type png)
<use Pictures/algo/tcp-socket-base4.png>
Package pdftex.def Info: Pictures/algo/tcp-socket-base4.png  used on input line
 215.
(pdftex.def)             Requested size: 310.4979pt x 121.38428pt.
[11 <./Pictures/algo/tcp-socket-base3.png> <./Pictures/algo/tcp-socket-base4.pn
g>]
Underfull \hbox (badness 10000) in paragraph at lines 221--222

 []

<Pictures/algo/tcp-socket-base5.png, id=253, 672.5125pt x 305.14pt>
File: Pictures/algo/tcp-socket-base5.png Graphic file (type png)
<use Pictures/algo/tcp-socket-base5.png>
Package pdftex.def Info: Pictures/algo/tcp-socket-base5.png  used on input line
 225.
(pdftex.def)             Requested size: 310.4979pt x 140.88292pt.
<Pictures/algo/tcp-socket-base6.png, id=254, 694.595pt x 199.74625pt>
File: Pictures/algo/tcp-socket-base6.png Graphic file (type png)
<use Pictures/algo/tcp-socket-base6.png>
Package pdftex.def Info: Pictures/algo/tcp-socket-base6.png  used on input line
 233.
(pdftex.def)             Requested size: 310.4979pt x 89.29369pt.
[12 <./Pictures/algo/tcp-socket-base5.png> <./Pictures/algo/tcp-socket-base6.pn
g>]
<Pictures/dumbel.png, id=259, 650.43pt x 404.51125pt>
File: Pictures/dumbel.png Graphic file (type png)
<use Pictures/dumbel.png>
Package pdftex.def Info: Pictures/dumbel.png  used on input line 247.
(pdftex.def)             Requested size: 345.0pt x 214.56276pt.
 [13 <./Pictures/dumbel.png>]
<Pictures/rtt/130/b/rtt_rto_graph.png, id=266, 481.8pt x 361.35pt>
File: Pictures/rtt/130/b/rtt_rto_graph.png Graphic file (type png)
<use Pictures/rtt/130/b/rtt_rto_graph.png>
Package pdftex.def Info: Pictures/rtt/130/b/rtt_rto_graph.png  used on input li
ne 258.
(pdftex.def)             Requested size: 276.0036pt x 207.0021pt.
<Pictures/rtt/130/m/rtt_rto_graph.png, id=267, 481.8pt x 361.35pt>
File: Pictures/rtt/130/m/rtt_rto_graph.png Graphic file (type png)
<use Pictures/rtt/130/m/rtt_rto_graph.png>
Package pdftex.def Info: Pictures/rtt/130/m/rtt_rto_graph.png  used on input li
ne 264.
(pdftex.def)             Requested size: 276.0036pt x 207.0021pt.
 [14 <./Pictures/rtt/130/b/rtt_rto_graph.png> <./Pictures/rtt/130/m/rtt_rto_gra
ph.png>]
<Pictures/rtt/130/b/mean_retransmission.png, id=274, 481.8pt x 361.35pt>
File: Pictures/rtt/130/b/mean_retransmission.png Graphic file (type png)
<use Pictures/rtt/130/b/mean_retransmission.png>
Package pdftex.def Info: Pictures/rtt/130/b/mean_retransmission.png  used on in
put line 272.
(pdftex.def)             Requested size: 276.0036pt x 207.0021pt.
<Pictures/rtt/130/m/mean_retransmission.png, id=275, 481.8pt x 361.35pt>
File: Pictures/rtt/130/m/mean_retransmission.png Graphic file (type png)
<use Pictures/rtt/130/m/mean_retransmission.png>
Package pdftex.def Info: Pictures/rtt/130/m/mean_retransmission.png  used on in
put line 278.
(pdftex.def)             Requested size: 276.0036pt x 207.0021pt.
 [15 <./Pictures/rtt/130/b/mean_retransmission.png> <./Pictures/rtt/130/m/mean_
retransmission.png>]
<Pictures/rtt/130/b/rto_by_rtt.png, id=282, 481.8pt x 361.35pt>
File: Pictures/rtt/130/b/rto_by_rtt.png Graphic file (type png)
<use Pictures/rtt/130/b/rto_by_rtt.png>
Package pdftex.def Info: Pictures/rtt/130/b/rto_by_rtt.png  used on input line 
286.
(pdftex.def)             Requested size: 276.0036pt x 207.0021pt.
<Pictures/rtt/130/m/rto_by_rtt.png, id=283, 481.8pt x 361.35pt>
File: Pictures/rtt/130/m/rto_by_rtt.png Graphic file (type png)
<use Pictures/rtt/130/m/rto_by_rtt.png>
Package pdftex.def Info: Pictures/rtt/130/m/rto_by_rtt.png  used on input line 
292.
(pdftex.def)             Requested size: 276.0036pt x 207.0021pt.
 [16 <./Pictures/rtt/130/b/rto_by_rtt.png> <./Pictures/rtt/130/m/rto_by_rtt.png
>]
<Pictures/rtt/130/b/cwnd_graph.png, id=291, 481.8pt x 361.35pt>
File: Pictures/rtt/130/b/cwnd_graph.png Graphic file (type png)
<use Pictures/rtt/130/b/cwnd_graph.png>
Package pdftex.def Info: Pictures/rtt/130/b/cwnd_graph.png  used on input line 
300.
(pdftex.def)             Requested size: 276.0036pt x 207.0021pt.
<Pictures/rtt/130/m/cwnd_graph.png, id=292, 481.8pt x 361.35pt>
File: Pictures/rtt/130/m/cwnd_graph.png Graphic file (type png)
<use Pictures/rtt/130/m/cwnd_graph.png>
Package pdftex.def Info: Pictures/rtt/130/m/cwnd_graph.png  used on input line 
306.
(pdftex.def)             Requested size: 276.0036pt x 207.0021pt.
 [17 <./Pictures/rtt/130/b/cwnd_graph.png> <./Pictures/rtt/130/m/cwnd_graph.png
>]
<Pictures/rtt/130/b/ssth_graph.png, id=299, 481.8pt x 361.35pt>
File: Pictures/rtt/130/b/ssth_graph.png Graphic file (type png)
<use Pictures/rtt/130/b/ssth_graph.png>
Package pdftex.def Info: Pictures/rtt/130/b/ssth_graph.png  used on input line 
314.
(pdftex.def)             Requested size: 276.0036pt x 207.0021pt.
<Pictures/rtt/130/m/ssth_graph.png, id=300, 481.8pt x 361.35pt>
File: Pictures/rtt/130/m/ssth_graph.png Graphic file (type png)
<use Pictures/rtt/130/m/ssth_graph.png>
Package pdftex.def Info: Pictures/rtt/130/m/ssth_graph.png  used on input line 
321.
(pdftex.def)             Requested size: 276.0036pt x 207.0021pt.
 [18 <./Pictures/rtt/130/b/ssth_graph.png> <./Pictures/rtt/130/m/ssth_graph.png
>]
<Pictures/rtt/175/b/rtt_rto_graph.png, id=307, 481.8pt x 361.35pt>
File: Pictures/rtt/175/b/rtt_rto_graph.png Graphic file (type png)
<use Pictures/rtt/175/b/rtt_rto_graph.png>
Package pdftex.def Info: Pictures/rtt/175/b/rtt_rto_graph.png  used on input li
ne 333.
(pdftex.def)             Requested size: 276.0036pt x 207.0021pt.
<Pictures/rtt/175/m/rtt_rto_graph.png, id=308, 481.8pt x 361.35pt>
File: Pictures/rtt/175/m/rtt_rto_graph.png Graphic file (type png)
<use Pictures/rtt/175/m/rtt_rto_graph.png>
Package pdftex.def Info: Pictures/rtt/175/m/rtt_rto_graph.png  used on input li
ne 339.
(pdftex.def)             Requested size: 276.0036pt x 207.0021pt.
 [19 <./Pictures/rtt/175/b/rtt_rto_graph.png> <./Pictures/rtt/175/m/rtt_rto_gra
ph.png>]
<Pictures/rtt/175/b/mean_retransmission.png, id=317, 481.8pt x 361.35pt>
File: Pictures/rtt/175/b/mean_retransmission.png Graphic file (type png)
<use Pictures/rtt/175/b/mean_retransmission.png>
Package pdftex.def Info: Pictures/rtt/175/b/mean_retransmission.png  used on in
put line 347.
(pdftex.def)             Requested size: 276.0036pt x 207.0021pt.
<Pictures/rtt/175/m/mean_retransmission.png, id=318, 481.8pt x 361.35pt>
File: Pictures/rtt/175/m/mean_retransmission.png Graphic file (type png)
<use Pictures/rtt/175/m/mean_retransmission.png>
Package pdftex.def Info: Pictures/rtt/175/m/mean_retransmission.png  used on in
put line 353.
(pdftex.def)             Requested size: 276.0036pt x 207.0021pt.

[20 <./Pictures/rtt/175/b/mean_retransmission.png> <./Pictures/rtt/175/m/mean_r
etransmission.png>]
<Pictures/rtt/175/b/rto_by_rtt.png, id=325, 481.8pt x 361.35pt>
File: Pictures/rtt/175/b/rto_by_rtt.png Graphic file (type png)
<use Pictures/rtt/175/b/rto_by_rtt.png>
Package pdftex.def Info: Pictures/rtt/175/b/rto_by_rtt.png  used on input line 
361.
(pdftex.def)             Requested size: 276.0036pt x 207.0021pt.
<Pictures/rtt/175/m/rto_by_rtt.png, id=326, 481.8pt x 361.35pt>
File: Pictures/rtt/175/m/rto_by_rtt.png Graphic file (type png)
<use Pictures/rtt/175/m/rto_by_rtt.png>
Package pdftex.def Info: Pictures/rtt/175/m/rto_by_rtt.png  used on input line 
367.
(pdftex.def)             Requested size: 276.0036pt x 207.0021pt.
 [21 <./Pictures/rtt/175/b/rto_by_rtt.png> <./Pictures/rtt/175/m/rto_by_rtt.png
>]
<Pictures/rtt/175/b/cwnd_graph.png, id=333, 481.8pt x 361.35pt>
File: Pictures/rtt/175/b/cwnd_graph.png Graphic file (type png)
<use Pictures/rtt/175/b/cwnd_graph.png>
Package pdftex.def Info: Pictures/rtt/175/b/cwnd_graph.png  used on input line 
375.
(pdftex.def)             Requested size: 276.0036pt x 207.0021pt.
<Pictures/rtt/175/m/cwnd_graph.png, id=334, 481.8pt x 361.35pt>
File: Pictures/rtt/175/m/cwnd_graph.png Graphic file (type png)
<use Pictures/rtt/175/m/cwnd_graph.png>
Package pdftex.def Info: Pictures/rtt/175/m/cwnd_graph.png  used on input line 
381.
(pdftex.def)             Requested size: 276.0036pt x 207.0021pt.
 [22 <./Pictures/rtt/175/b/cwnd_graph.png> <./Pictures/rtt/175/m/cwnd_graph.png
>]
<Pictures/rtt/175/b/ssth_graph.png, id=341, 481.8pt x 361.35pt>
File: Pictures/rtt/175/b/ssth_graph.png Graphic file (type png)
<use Pictures/rtt/175/b/ssth_graph.png>
Package pdftex.def Info: Pictures/rtt/175/b/ssth_graph.png  used on input line 
389.
(pdftex.def)             Requested size: 276.0036pt x 207.0021pt.
<Pictures/rtt/175/m/ssth_graph.png, id=342, 481.8pt x 361.35pt>
File: Pictures/rtt/175/m/ssth_graph.png Graphic file (type png)
<use Pictures/rtt/175/m/ssth_graph.png>
Package pdftex.def Info: Pictures/rtt/175/m/ssth_graph.png  used on input line 
396.
(pdftex.def)             Requested size: 276.0036pt x 207.0021pt.
 [23 <./Pictures/rtt/175/b/ssth_graph.png> <./Pictures/rtt/175/m/ssth_graph.png
>] [24]
<11/n/dl.pdf, id=353, 361.35pt x 216.81pt>
File: 11/n/dl.pdf Graphic file (type pdf)
<use 11/n/dl.pdf>
Package pdftex.def Info: 11/n/dl.pdf  used on input line 427.
(pdftex.def)             Requested size: 361.34912pt x 216.80946pt.
File: 11/n/dl.pdf Graphic file (type pdf)
<use 11/n/dl.pdf>
Package pdftex.def Info: 11/n/dl.pdf  used on input line 427.
(pdftex.def)             Requested size: 361.34912pt x 216.80946pt.
<11/n/dl.pdf, id=356, page=1, 361.35pt x 216.81pt>
File: 11/n/dl.pdf Graphic file (type pdf)
<use 11/n/dl.pdf, page 1>
Package pdftex.def Info: 11/n/dl.pdf , page1 used on input line 427.
(pdftex.def)             Requested size: 361.34912pt x 216.80946pt.
File: 11/n/dl.pdf Graphic file (type pdf)
<use 11/n/dl.pdf, page 1>
Package pdftex.def Info: 11/n/dl.pdf , page1 used on input line 427.
(pdftex.def)             Requested size: 614.88788pt x 368.93271pt.
 [25]
File: 11/n/dl.pdf Graphic file (type pdf)
<use 11/n/dl.pdf, page 1>
Package pdftex.def Info: 11/n/dl.pdf , page1 used on input line 427.
(pdftex.def)             Requested size: 614.88788pt x 368.93271pt.
File: 11/n/dl.pdf Graphic file (type pdf)
<use 11/n/dl.pdf, page 1>
Package pdftex.def Info: 11/n/dl.pdf , page1 used on input line 427.
(pdftex.def)             Requested size: 614.88788pt x 368.93271pt.
File: 11/n/dl.pdf Graphic file (type pdf)
<use 11/n/dl.pdf, page 1>
Package pdftex.def Info: 11/n/dl.pdf , page1 used on input line 427.
(pdftex.def)             Requested size: 614.88788pt x 368.93271pt.
 [26 <./11/n/dl.pdf>]
<11/n/dr.pdf, id=374, 361.35pt x 216.81pt>
File: 11/n/dr.pdf Graphic file (type pdf)
<use 11/n/dr.pdf>
Package pdftex.def Info: 11/n/dr.pdf  used on input line 428.
(pdftex.def)             Requested size: 361.34912pt x 216.80946pt.
File: 11/n/dr.pdf Graphic file (type pdf)
<use 11/n/dr.pdf>
Package pdftex.def Info: 11/n/dr.pdf  used on input line 428.
(pdftex.def)             Requested size: 361.34912pt x 216.80946pt.
<11/n/dr.pdf, id=377, page=1, 361.35pt x 216.81pt>
File: 11/n/dr.pdf Graphic file (type pdf)
<use 11/n/dr.pdf, page 1>
Package pdftex.def Info: 11/n/dr.pdf , page1 used on input line 428.
(pdftex.def)             Requested size: 361.34912pt x 216.80946pt.
File: 11/n/dr.pdf Graphic file (type pdf)
<use 11/n/dr.pdf, page 1>
Package pdftex.def Info: 11/n/dr.pdf , page1 used on input line 428.
(pdftex.def)             Requested size: 614.88788pt x 368.93271pt.
File: 11/n/dr.pdf Graphic file (type pdf)
<use 11/n/dr.pdf, page 1>
Package pdftex.def Info: 11/n/dr.pdf , page1 used on input line 428.
(pdftex.def)             Requested size: 614.88788pt x 368.93271pt.
File: 11/n/dr.pdf Graphic file (type pdf)
<use 11/n/dr.pdf, page 1>
Package pdftex.def Info: 11/n/dr.pdf , page1 used on input line 428.
(pdftex.def)             Requested size: 614.88788pt x 368.93271pt.
File: 11/n/dr.pdf Graphic file (type pdf)
<use 11/n/dr.pdf, page 1>
Package pdftex.def Info: 11/n/dr.pdf , page1 used on input line 428.
(pdftex.def)             Requested size: 614.88788pt x 368.93271pt.
 [27 <./11/n/dr.pdf>]
<11/n/t.pdf, id=390, 361.35pt x 216.81pt>
File: 11/n/t.pdf Graphic file (type pdf)
<use 11/n/t.pdf>
Package pdftex.def Info: 11/n/t.pdf  used on input line 429.
(pdftex.def)             Requested size: 361.34912pt x 216.80946pt.
File: 11/n/t.pdf Graphic file (type pdf)
<use 11/n/t.pdf>
Package pdftex.def Info: 11/n/t.pdf  used on input line 429.
(pdftex.def)             Requested size: 361.34912pt x 216.80946pt.
<11/n/t.pdf, id=393, page=1, 361.35pt x 216.81pt>
File: 11/n/t.pdf Graphic file (type pdf)
<use 11/n/t.pdf, page 1>
Package pdftex.def Info: 11/n/t.pdf , page1 used on input line 429.
(pdftex.def)             Requested size: 361.34912pt x 216.80946pt.
File: 11/n/t.pdf Graphic file (type pdf)
<use 11/n/t.pdf, page 1>
Package pdftex.def Info: 11/n/t.pdf , page1 used on input line 429.
(pdftex.def)             Requested size: 614.88788pt x 368.93271pt.
File: 11/n/t.pdf Graphic file (type pdf)
<use 11/n/t.pdf, page 1>
Package pdftex.def Info: 11/n/t.pdf , page1 used on input line 429.
(pdftex.def)             Requested size: 614.88788pt x 368.93271pt.
File: 11/n/t.pdf Graphic file (type pdf)
<use 11/n/t.pdf, page 1>
Package pdftex.def Info: 11/n/t.pdf , page1 used on input line 429.
(pdftex.def)             Requested size: 614.88788pt x 368.93271pt.
File: 11/n/t.pdf Graphic file (type pdf)
<use 11/n/t.pdf, page 1>
Package pdftex.def Info: 11/n/t.pdf , page1 used on input line 429.
(pdftex.def)             Requested size: 614.88788pt x 368.93271pt.

[28 <./11/n/t.pdf>]
<11/n/e.pdf, id=406, 361.35pt x 216.81pt>
File: 11/n/e.pdf Graphic file (type pdf)
<use 11/n/e.pdf>
Package pdftex.def Info: 11/n/e.pdf  used on input line 430.
(pdftex.def)             Requested size: 361.34912pt x 216.80946pt.
File: 11/n/e.pdf Graphic file (type pdf)
<use 11/n/e.pdf>
Package pdftex.def Info: 11/n/e.pdf  used on input line 430.
(pdftex.def)             Requested size: 361.34912pt x 216.80946pt.
<11/n/e.pdf, id=409, page=1, 361.35pt x 216.81pt>
File: 11/n/e.pdf Graphic file (type pdf)
<use 11/n/e.pdf, page 1>
Package pdftex.def Info: 11/n/e.pdf , page1 used on input line 430.
(pdftex.def)             Requested size: 361.34912pt x 216.80946pt.
File: 11/n/e.pdf Graphic file (type pdf)
<use 11/n/e.pdf, page 1>
Package pdftex.def Info: 11/n/e.pdf , page1 used on input line 430.
(pdftex.def)             Requested size: 614.88788pt x 368.93271pt.
File: 11/n/e.pdf Graphic file (type pdf)
<use 11/n/e.pdf, page 1>
Package pdftex.def Info: 11/n/e.pdf , page1 used on input line 430.
(pdftex.def)             Requested size: 614.88788pt x 368.93271pt.
File: 11/n/e.pdf Graphic file (type pdf)
<use 11/n/e.pdf, page 1>
Package pdftex.def Info: 11/n/e.pdf , page1 used on input line 430.
(pdftex.def)             Requested size: 614.88788pt x 368.93271pt.
File: 11/n/e.pdf Graphic file (type pdf)
<use 11/n/e.pdf, page 1>
Package pdftex.def Info: 11/n/e.pdf , page1 used on input line 430.
(pdftex.def)             Requested size: 614.88788pt x 368.93271pt.
 [29 <./11/n/e.pdf>]
<11/c/dl.pdf, id=422, 361.35pt x 216.81pt>
File: 11/c/dl.pdf Graphic file (type pdf)
<use 11/c/dl.pdf>
Package pdftex.def Info: 11/c/dl.pdf  used on input line 439.
(pdftex.def)             Requested size: 361.34912pt x 216.80946pt.
File: 11/c/dl.pdf Graphic file (type pdf)
<use 11/c/dl.pdf>
Package pdftex.def Info: 11/c/dl.pdf  used on input line 439.
(pdftex.def)             Requested size: 361.34912pt x 216.80946pt.
<11/c/dl.pdf, id=425, page=1, 361.35pt x 216.81pt>
File: 11/c/dl.pdf Graphic file (type pdf)
<use 11/c/dl.pdf, page 1>
Package pdftex.def Info: 11/c/dl.pdf , page1 used on input line 439.
(pdftex.def)             Requested size: 361.34912pt x 216.80946pt.
File: 11/c/dl.pdf Graphic file (type pdf)
<use 11/c/dl.pdf, page 1>
Package pdftex.def Info: 11/c/dl.pdf , page1 used on input line 439.
(pdftex.def)             Requested size: 614.88788pt x 368.93271pt.
 [30]
File: 11/c/dl.pdf Graphic file (type pdf)
<use 11/c/dl.pdf, page 1>
Package pdftex.def Info: 11/c/dl.pdf , page1 used on input line 439.
(pdftex.def)             Requested size: 614.88788pt x 368.93271pt.
File: 11/c/dl.pdf Graphic file (type pdf)
<use 11/c/dl.pdf, page 1>
Package pdftex.def Info: 11/c/dl.pdf , page1 used on input line 439.
(pdftex.def)             Requested size: 614.88788pt x 368.93271pt.
File: 11/c/dl.pdf Graphic file (type pdf)
<use 11/c/dl.pdf, page 1>
Package pdftex.def Info: 11/c/dl.pdf , page1 used on input line 439.
(pdftex.def)             Requested size: 614.88788pt x 368.93271pt.
 [31 <./11/c/dl.pdf>]
<11/c/dr.pdf, id=443, 361.35pt x 216.81pt>
File: 11/c/dr.pdf Graphic file (type pdf)
<use 11/c/dr.pdf>
Package pdftex.def Info: 11/c/dr.pdf  used on input line 440.
(pdftex.def)             Requested size: 361.34912pt x 216.80946pt.
File: 11/c/dr.pdf Graphic file (type pdf)
<use 11/c/dr.pdf>
Package pdftex.def Info: 11/c/dr.pdf  used on input line 440.
(pdftex.def)             Requested size: 361.34912pt x 216.80946pt.
<11/c/dr.pdf, id=446, page=1, 361.35pt x 216.81pt>
File: 11/c/dr.pdf Graphic file (type pdf)
<use 11/c/dr.pdf, page 1>
Package pdftex.def Info: 11/c/dr.pdf , page1 used on input line 440.
(pdftex.def)             Requested size: 361.34912pt x 216.80946pt.
File: 11/c/dr.pdf Graphic file (type pdf)
<use 11/c/dr.pdf, page 1>
Package pdftex.def Info: 11/c/dr.pdf , page1 used on input line 440.
(pdftex.def)             Requested size: 614.88788pt x 368.93271pt.
File: 11/c/dr.pdf Graphic file (type pdf)
<use 11/c/dr.pdf, page 1>
Package pdftex.def Info: 11/c/dr.pdf , page1 used on input line 440.
(pdftex.def)             Requested size: 614.88788pt x 368.93271pt.
File: 11/c/dr.pdf Graphic file (type pdf)
<use 11/c/dr.pdf, page 1>
Package pdftex.def Info: 11/c/dr.pdf , page1 used on input line 440.
(pdftex.def)             Requested size: 614.88788pt x 368.93271pt.
File: 11/c/dr.pdf Graphic file (type pdf)
<use 11/c/dr.pdf, page 1>
Package pdftex.def Info: 11/c/dr.pdf , page1 used on input line 440.
(pdftex.def)             Requested size: 614.88788pt x 368.93271pt.
 [32 <./11/c/dr.pdf>]
<11/c/t.pdf, id=459, 361.35pt x 216.81pt>
File: 11/c/t.pdf Graphic file (type pdf)
<use 11/c/t.pdf>
Package pdftex.def Info: 11/c/t.pdf  used on input line 441.
(pdftex.def)             Requested size: 361.34912pt x 216.80946pt.
File: 11/c/t.pdf Graphic file (type pdf)
<use 11/c/t.pdf>
Package pdftex.def Info: 11/c/t.pdf  used on input line 441.
(pdftex.def)             Requested size: 361.34912pt x 216.80946pt.
<11/c/t.pdf, id=462, page=1, 361.35pt x 216.81pt>
File: 11/c/t.pdf Graphic file (type pdf)
<use 11/c/t.pdf, page 1>
Package pdftex.def Info: 11/c/t.pdf , page1 used on input line 441.
(pdftex.def)             Requested size: 361.34912pt x 216.80946pt.
File: 11/c/t.pdf Graphic file (type pdf)
<use 11/c/t.pdf, page 1>
Package pdftex.def Info: 11/c/t.pdf , page1 used on input line 441.
(pdftex.def)             Requested size: 614.88788pt x 368.93271pt.
File: 11/c/t.pdf Graphic file (type pdf)
<use 11/c/t.pdf, page 1>
Package pdftex.def Info: 11/c/t.pdf , page1 used on input line 441.
(pdftex.def)             Requested size: 614.88788pt x 368.93271pt.
File: 11/c/t.pdf Graphic file (type pdf)
<use 11/c/t.pdf, page 1>
Package pdftex.def Info: 11/c/t.pdf , page1 used on input line 441.
(pdftex.def)             Requested size: 614.88788pt x 368.93271pt.
File: 11/c/t.pdf Graphic file (type pdf)
<use 11/c/t.pdf, page 1>
Package pdftex.def Info: 11/c/t.pdf , page1 used on input line 441.
(pdftex.def)             Requested size: 614.88788pt x 368.93271pt.
 [33 <./11/c/t.pdf>]
<11/c/e.pdf, id=475, 361.35pt x 216.81pt>
File: 11/c/e.pdf Graphic file (type pdf)
<use 11/c/e.pdf>
Package pdftex.def Info: 11/c/e.pdf  used on input line 442.
(pdftex.def)             Requested size: 361.34912pt x 216.80946pt.
File: 11/c/e.pdf Graphic file (type pdf)
<use 11/c/e.pdf>
Package pdftex.def Info: 11/c/e.pdf  used on input line 442.
(pdftex.def)             Requested size: 361.34912pt x 216.80946pt.
<11/c/e.pdf, id=478, page=1, 361.35pt x 216.81pt>
File: 11/c/e.pdf Graphic file (type pdf)
<use 11/c/e.pdf, page 1>
Package pdftex.def Info: 11/c/e.pdf , page1 used on input line 442.
(pdftex.def)             Requested size: 361.34912pt x 216.80946pt.
File: 11/c/e.pdf Graphic file (type pdf)
<use 11/c/e.pdf, page 1>
Package pdftex.def Info: 11/c/e.pdf , page1 used on input line 442.
(pdftex.def)             Requested size: 614.88788pt x 368.93271pt.
File: 11/c/e.pdf Graphic file (type pdf)
<use 11/c/e.pdf, page 1>
Package pdftex.def Info: 11/c/e.pdf , page1 used on input line 442.
(pdftex.def)             Requested size: 614.88788pt x 368.93271pt.
File: 11/c/e.pdf Graphic file (type pdf)
<use 11/c/e.pdf, page 1>
Package pdftex.def Info: 11/c/e.pdf , page1 used on input line 442.
(pdftex.def)             Requested size: 614.88788pt x 368.93271pt.
File: 11/c/e.pdf Graphic file (type pdf)
<use 11/c/e.pdf, page 1>
Package pdftex.def Info: 11/c/e.pdf , page1 used on input line 442.
(pdftex.def)             Requested size: 614.88788pt x 368.93271pt.
 [34 <./11/c/e.pdf>]
<11/f/dl.pdf, id=492, 361.35pt x 216.81pt>
File: 11/f/dl.pdf Graphic file (type pdf)
<use 11/f/dl.pdf>
Package pdftex.def Info: 11/f/dl.pdf  used on input line 450.
(pdftex.def)             Requested size: 361.34912pt x 216.80946pt.
File: 11/f/dl.pdf Graphic file (type pdf)
<use 11/f/dl.pdf>
Package pdftex.def Info: 11/f/dl.pdf  used on input line 450.
(pdftex.def)             Requested size: 361.34912pt x 216.80946pt.
<11/f/dl.pdf, id=495, page=1, 361.35pt x 216.81pt>
File: 11/f/dl.pdf Graphic file (type pdf)
<use 11/f/dl.pdf, page 1>
Package pdftex.def Info: 11/f/dl.pdf , page1 used on input line 450.
(pdftex.def)             Requested size: 361.34912pt x 216.80946pt.
File: 11/f/dl.pdf Graphic file (type pdf)
<use 11/f/dl.pdf, page 1>
Package pdftex.def Info: 11/f/dl.pdf , page1 used on input line 450.
(pdftex.def)             Requested size: 614.88788pt x 368.93271pt.
 [35]
File: 11/f/dl.pdf Graphic file (type pdf)
<use 11/f/dl.pdf, page 1>
Package pdftex.def Info: 11/f/dl.pdf , page1 used on input line 450.
(pdftex.def)             Requested size: 614.88788pt x 368.93271pt.
File: 11/f/dl.pdf Graphic file (type pdf)
<use 11/f/dl.pdf, page 1>
Package pdftex.def Info: 11/f/dl.pdf , page1 used on input line 450.
(pdftex.def)             Requested size: 614.88788pt x 368.93271pt.
File: 11/f/dl.pdf Graphic file (type pdf)
<use 11/f/dl.pdf, page 1>
Package pdftex.def Info: 11/f/dl.pdf , page1 used on input line 450.
(pdftex.def)             Requested size: 614.88788pt x 368.93271pt.
 [36 <./11/f/dl.pdf>]
<11/f/dr.pdf, id=512, 361.35pt x 216.81pt>
File: 11/f/dr.pdf Graphic file (type pdf)
<use 11/f/dr.pdf>
Package pdftex.def Info: 11/f/dr.pdf  used on input line 451.
(pdftex.def)             Requested size: 361.34912pt x 216.80946pt.
File: 11/f/dr.pdf Graphic file (type pdf)
<use 11/f/dr.pdf>
Package pdftex.def Info: 11/f/dr.pdf  used on input line 451.
(pdftex.def)             Requested size: 361.34912pt x 216.80946pt.
<11/f/dr.pdf, id=515, page=1, 361.35pt x 216.81pt>
File: 11/f/dr.pdf Graphic file (type pdf)
<use 11/f/dr.pdf, page 1>
Package pdftex.def Info: 11/f/dr.pdf , page1 used on input line 451.
(pdftex.def)             Requested size: 361.34912pt x 216.80946pt.
File: 11/f/dr.pdf Graphic file (type pdf)
<use 11/f/dr.pdf, page 1>
Package pdftex.def Info: 11/f/dr.pdf , page1 used on input line 451.
(pdftex.def)             Requested size: 614.88788pt x 368.93271pt.
File: 11/f/dr.pdf Graphic file (type pdf)
<use 11/f/dr.pdf, page 1>
Package pdftex.def Info: 11/f/dr.pdf , page1 used on input line 451.
(pdftex.def)             Requested size: 614.88788pt x 368.93271pt.
File: 11/f/dr.pdf Graphic file (type pdf)
<use 11/f/dr.pdf, page 1>
Package pdftex.def Info: 11/f/dr.pdf , page1 used on input line 451.
(pdftex.def)             Requested size: 614.88788pt x 368.93271pt.
File: 11/f/dr.pdf Graphic file (type pdf)
<use 11/f/dr.pdf, page 1>
Package pdftex.def Info: 11/f/dr.pdf , page1 used on input line 451.
(pdftex.def)             Requested size: 614.88788pt x 368.93271pt.

[37 <./11/f/dr.pdf>]
<11/f/t.pdf, id=529, 361.35pt x 216.81pt>
File: 11/f/t.pdf Graphic file (type pdf)
<use 11/f/t.pdf>
Package pdftex.def Info: 11/f/t.pdf  used on input line 452.
(pdftex.def)             Requested size: 361.34912pt x 216.80946pt.
File: 11/f/t.pdf Graphic file (type pdf)
<use 11/f/t.pdf>
Package pdftex.def Info: 11/f/t.pdf  used on input line 452.
(pdftex.def)             Requested size: 361.34912pt x 216.80946pt.
<11/f/t.pdf, id=532, page=1, 361.35pt x 216.81pt>
File: 11/f/t.pdf Graphic file (type pdf)
<use 11/f/t.pdf, page 1>
Package pdftex.def Info: 11/f/t.pdf , page1 used on input line 452.
(pdftex.def)             Requested size: 361.34912pt x 216.80946pt.
File: 11/f/t.pdf Graphic file (type pdf)
<use 11/f/t.pdf, page 1>
Package pdftex.def Info: 11/f/t.pdf , page1 used on input line 452.
(pdftex.def)             Requested size: 614.88788pt x 368.93271pt.
File: 11/f/t.pdf Graphic file (type pdf)
<use 11/f/t.pdf, page 1>
Package pdftex.def Info: 11/f/t.pdf , page1 used on input line 452.
(pdftex.def)             Requested size: 614.88788pt x 368.93271pt.
File: 11/f/t.pdf Graphic file (type pdf)
<use 11/f/t.pdf, page 1>
Package pdftex.def Info: 11/f/t.pdf , page1 used on input line 452.
(pdftex.def)             Requested size: 614.88788pt x 368.93271pt.
File: 11/f/t.pdf Graphic file (type pdf)
<use 11/f/t.pdf, page 1>
Package pdftex.def Info: 11/f/t.pdf , page1 used on input line 452.
(pdftex.def)             Requested size: 614.88788pt x 368.93271pt.
 [38 <./11/f/t.pdf>]
<11/f/e.pdf, id=545, 361.35pt x 216.81pt>
File: 11/f/e.pdf Graphic file (type pdf)
<use 11/f/e.pdf>
Package pdftex.def Info: 11/f/e.pdf  used on input line 453.
(pdftex.def)             Requested size: 361.34912pt x 216.80946pt.
File: 11/f/e.pdf Graphic file (type pdf)
<use 11/f/e.pdf>
Package pdftex.def Info: 11/f/e.pdf  used on input line 453.
(pdftex.def)             Requested size: 361.34912pt x 216.80946pt.
<11/f/e.pdf, id=548, page=1, 361.35pt x 216.81pt>
File: 11/f/e.pdf Graphic file (type pdf)
<use 11/f/e.pdf, page 1>
Package pdftex.def Info: 11/f/e.pdf , page1 used on input line 453.
(pdftex.def)             Requested size: 361.34912pt x 216.80946pt.
File: 11/f/e.pdf Graphic file (type pdf)
<use 11/f/e.pdf, page 1>
Package pdftex.def Info: 11/f/e.pdf , page1 used on input line 453.
(pdftex.def)             Requested size: 614.88788pt x 368.93271pt.
File: 11/f/e.pdf Graphic file (type pdf)
<use 11/f/e.pdf, page 1>
Package pdftex.def Info: 11/f/e.pdf , page1 used on input line 453.
(pdftex.def)             Requested size: 614.88788pt x 368.93271pt.
File: 11/f/e.pdf Graphic file (type pdf)
<use 11/f/e.pdf, page 1>
Package pdftex.def Info: 11/f/e.pdf , page1 used on input line 453.
(pdftex.def)             Requested size: 614.88788pt x 368.93271pt.
File: 11/f/e.pdf Graphic file (type pdf)
<use 11/f/e.pdf, page 1>
Package pdftex.def Info: 11/f/e.pdf , page1 used on input line 453.
(pdftex.def)             Requested size: 614.88788pt x 368.93271pt.
 [39 <./11/f/e.pdf>]
<11/p/dl.pdf, id=561, 361.35pt x 216.81pt>
File: 11/p/dl.pdf Graphic file (type pdf)
<use 11/p/dl.pdf>
Package pdftex.def Info: 11/p/dl.pdf  used on input line 461.
(pdftex.def)             Requested size: 361.34912pt x 216.80946pt.
File: 11/p/dl.pdf Graphic file (type pdf)
<use 11/p/dl.pdf>
Package pdftex.def Info: 11/p/dl.pdf  used on input line 461.
(pdftex.def)             Requested size: 361.34912pt x 216.80946pt.
<11/p/dl.pdf, id=564, page=1, 361.35pt x 216.81pt>
File: 11/p/dl.pdf Graphic file (type pdf)
<use 11/p/dl.pdf, page 1>
Package pdftex.def Info: 11/p/dl.pdf , page1 used on input line 461.
(pdftex.def)             Requested size: 361.34912pt x 216.80946pt.
File: 11/p/dl.pdf Graphic file (type pdf)
<use 11/p/dl.pdf, page 1>
Package pdftex.def Info: 11/p/dl.pdf , page1 used on input line 461.
(pdftex.def)             Requested size: 614.88788pt x 368.93271pt.
 [40]
File: 11/p/dl.pdf Graphic file (type pdf)
<use 11/p/dl.pdf, page 1>
Package pdftex.def Info: 11/p/dl.pdf , page1 used on input line 461.
(pdftex.def)             Requested size: 614.88788pt x 368.93271pt.
File: 11/p/dl.pdf Graphic file (type pdf)
<use 11/p/dl.pdf, page 1>
Package pdftex.def Info: 11/p/dl.pdf , page1 used on input line 461.
(pdftex.def)             Requested size: 614.88788pt x 368.93271pt.
File: 11/p/dl.pdf Graphic file (type pdf)
<use 11/p/dl.pdf, page 1>
Package pdftex.def Info: 11/p/dl.pdf , page1 used on input line 461.
(pdftex.def)             Requested size: 614.88788pt x 368.93271pt.
 [41 <./11/p/dl.pdf>]
<11/p/dr.pdf, id=581, 361.35pt x 216.81pt>
File: 11/p/dr.pdf Graphic file (type pdf)
<use 11/p/dr.pdf>
Package pdftex.def Info: 11/p/dr.pdf  used on input line 462.
(pdftex.def)             Requested size: 361.34912pt x 216.80946pt.
File: 11/p/dr.pdf Graphic file (type pdf)
<use 11/p/dr.pdf>
Package pdftex.def Info: 11/p/dr.pdf  used on input line 462.
(pdftex.def)             Requested size: 361.34912pt x 216.80946pt.
<11/p/dr.pdf, id=584, page=1, 361.35pt x 216.81pt>
File: 11/p/dr.pdf Graphic file (type pdf)
<use 11/p/dr.pdf, page 1>
Package pdftex.def Info: 11/p/dr.pdf , page1 used on input line 462.
(pdftex.def)             Requested size: 361.34912pt x 216.80946pt.
File: 11/p/dr.pdf Graphic file (type pdf)
<use 11/p/dr.pdf, page 1>
Package pdftex.def Info: 11/p/dr.pdf , page1 used on input line 462.
(pdftex.def)             Requested size: 614.88788pt x 368.93271pt.
File: 11/p/dr.pdf Graphic file (type pdf)
<use 11/p/dr.pdf, page 1>
Package pdftex.def Info: 11/p/dr.pdf , page1 used on input line 462.
(pdftex.def)             Requested size: 614.88788pt x 368.93271pt.
File: 11/p/dr.pdf Graphic file (type pdf)
<use 11/p/dr.pdf, page 1>
Package pdftex.def Info: 11/p/dr.pdf , page1 used on input line 462.
(pdftex.def)             Requested size: 614.88788pt x 368.93271pt.
File: 11/p/dr.pdf Graphic file (type pdf)
<use 11/p/dr.pdf, page 1>
Package pdftex.def Info: 11/p/dr.pdf , page1 used on input line 462.
(pdftex.def)             Requested size: 614.88788pt x 368.93271pt.
 [42 <./11/p/dr.pdf>]
<11/p/t.pdf, id=597, 361.35pt x 216.81pt>
File: 11/p/t.pdf Graphic file (type pdf)
<use 11/p/t.pdf>
Package pdftex.def Info: 11/p/t.pdf  used on input line 463.
(pdftex.def)             Requested size: 361.34912pt x 216.80946pt.
File: 11/p/t.pdf Graphic file (type pdf)
<use 11/p/t.pdf>
Package pdftex.def Info: 11/p/t.pdf  used on input line 463.
(pdftex.def)             Requested size: 361.34912pt x 216.80946pt.
<11/p/t.pdf, id=600, page=1, 361.35pt x 216.81pt>
File: 11/p/t.pdf Graphic file (type pdf)
<use 11/p/t.pdf, page 1>
Package pdftex.def Info: 11/p/t.pdf , page1 used on input line 463.
(pdftex.def)             Requested size: 361.34912pt x 216.80946pt.
File: 11/p/t.pdf Graphic file (type pdf)
<use 11/p/t.pdf, page 1>
Package pdftex.def Info: 11/p/t.pdf , page1 used on input line 463.
(pdftex.def)             Requested size: 614.88788pt x 368.93271pt.
File: 11/p/t.pdf Graphic file (type pdf)
<use 11/p/t.pdf, page 1>
Package pdftex.def Info: 11/p/t.pdf , page1 used on input line 463.
(pdftex.def)             Requested size: 614.88788pt x 368.93271pt.
File: 11/p/t.pdf Graphic file (type pdf)
<use 11/p/t.pdf, page 1>
Package pdftex.def Info: 11/p/t.pdf , page1 used on input line 463.
(pdftex.def)             Requested size: 614.88788pt x 368.93271pt.
File: 11/p/t.pdf Graphic file (type pdf)
<use 11/p/t.pdf, page 1>
Package pdftex.def Info: 11/p/t.pdf , page1 used on input line 463.
(pdftex.def)             Requested size: 614.88788pt x 368.93271pt.
 [43 <./11/p/t.pdf>]
<11/p/e.pdf, id=614, 361.35pt x 216.81pt>
File: 11/p/e.pdf Graphic file (type pdf)
<use 11/p/e.pdf>
Package pdftex.def Info: 11/p/e.pdf  used on input line 464.
(pdftex.def)             Requested size: 361.34912pt x 216.80946pt.
File: 11/p/e.pdf Graphic file (type pdf)
<use 11/p/e.pdf>
Package pdftex.def Info: 11/p/e.pdf  used on input line 464.
(pdftex.def)             Requested size: 361.34912pt x 216.80946pt.
<11/p/e.pdf, id=617, page=1, 361.35pt x 216.81pt>
File: 11/p/e.pdf Graphic file (type pdf)
<use 11/p/e.pdf, page 1>
Package pdftex.def Info: 11/p/e.pdf , page1 used on input line 464.
(pdftex.def)             Requested size: 361.34912pt x 216.80946pt.
File: 11/p/e.pdf Graphic file (type pdf)
<use 11/p/e.pdf, page 1>
Package pdftex.def Info: 11/p/e.pdf , page1 used on input line 464.
(pdftex.def)             Requested size: 614.88788pt x 368.93271pt.
File: 11/p/e.pdf Graphic file (type pdf)
<use 11/p/e.pdf, page 1>
Package pdftex.def Info: 11/p/e.pdf , page1 used on input line 464.
(pdftex.def)             Requested size: 614.88788pt x 368.93271pt.
File: 11/p/e.pdf Graphic file (type pdf)
<use 11/p/e.pdf, page 1>
Package pdftex.def Info: 11/p/e.pdf , page1 used on input line 464.
(pdftex.def)             Requested size: 614.88788pt x 368.93271pt.
File: 11/p/e.pdf Graphic file (type pdf)
<use 11/p/e.pdf, page 1>
Package pdftex.def Info: 11/p/e.pdf , page1 used on input line 464.
(pdftex.def)             Requested size: 614.88788pt x 368.93271pt.
 [44 <./11/p/e.pdf>] [45]
[46]
<15/n/dl.pdf, id=638, 361.35pt x 216.81pt>
File: 15/n/dl.pdf Graphic file (type pdf)
<use 15/n/dl.pdf>
Package pdftex.def Info: 15/n/dl.pdf  used on input line 493.
(pdftex.def)             Requested size: 361.34912pt x 216.80946pt.
File: 15/n/dl.pdf Graphic file (type pdf)
<use 15/n/dl.pdf>
Package pdftex.def Info: 15/n/dl.pdf  used on input line 493.
(pdftex.def)             Requested size: 361.34912pt x 216.80946pt.
<15/n/dl.pdf, id=641, page=1, 361.35pt x 216.81pt>
File: 15/n/dl.pdf Graphic file (type pdf)
<use 15/n/dl.pdf, page 1>
Package pdftex.def Info: 15/n/dl.pdf , page1 used on input line 493.
(pdftex.def)             Requested size: 361.34912pt x 216.80946pt.
File: 15/n/dl.pdf Graphic file (type pdf)
<use 15/n/dl.pdf, page 1>
Package pdftex.def Info: 15/n/dl.pdf , page1 used on input line 493.
(pdftex.def)             Requested size: 614.88788pt x 368.93271pt.
File: 15/n/dl.pdf Graphic file (type pdf)
<use 15/n/dl.pdf, page 1>
Package pdftex.def Info: 15/n/dl.pdf , page1 used on input line 493.
(pdftex.def)             Requested size: 614.88788pt x 368.93271pt.
File: 15/n/dl.pdf Graphic file (type pdf)
<use 15/n/dl.pdf, page 1>
Package pdftex.def Info: 15/n/dl.pdf , page1 used on input line 493.
(pdftex.def)             Requested size: 614.88788pt x 368.93271pt.
File: 15/n/dl.pdf Graphic file (type pdf)
<use 15/n/dl.pdf, page 1>
Package pdftex.def Info: 15/n/dl.pdf , page1 used on input line 493.
(pdftex.def)             Requested size: 614.88788pt x 368.93271pt.
 [47 <./15/n/dl.pdf>]
<15/n/dr.pdf, id=654, 361.35pt x 216.81pt>
File: 15/n/dr.pdf Graphic file (type pdf)
<use 15/n/dr.pdf>
Package pdftex.def Info: 15/n/dr.pdf  used on input line 494.
(pdftex.def)             Requested size: 361.34912pt x 216.80946pt.
File: 15/n/dr.pdf Graphic file (type pdf)
<use 15/n/dr.pdf>
Package pdftex.def Info: 15/n/dr.pdf  used on input line 494.
(pdftex.def)             Requested size: 361.34912pt x 216.80946pt.
<15/n/dr.pdf, id=657, page=1, 361.35pt x 216.81pt>
File: 15/n/dr.pdf Graphic file (type pdf)
<use 15/n/dr.pdf, page 1>
Package pdftex.def Info: 15/n/dr.pdf , page1 used on input line 494.
(pdftex.def)             Requested size: 361.34912pt x 216.80946pt.
File: 15/n/dr.pdf Graphic file (type pdf)
<use 15/n/dr.pdf, page 1>
Package pdftex.def Info: 15/n/dr.pdf , page1 used on input line 494.
(pdftex.def)             Requested size: 614.88788pt x 368.93271pt.
File: 15/n/dr.pdf Graphic file (type pdf)
<use 15/n/dr.pdf, page 1>
Package pdftex.def Info: 15/n/dr.pdf , page1 used on input line 494.
(pdftex.def)             Requested size: 614.88788pt x 368.93271pt.
File: 15/n/dr.pdf Graphic file (type pdf)
<use 15/n/dr.pdf, page 1>
Package pdftex.def Info: 15/n/dr.pdf , page1 used on input line 494.
(pdftex.def)             Requested size: 614.88788pt x 368.93271pt.
File: 15/n/dr.pdf Graphic file (type pdf)
<use 15/n/dr.pdf, page 1>
Package pdftex.def Info: 15/n/dr.pdf , page1 used on input line 494.
(pdftex.def)             Requested size: 614.88788pt x 368.93271pt.
 [48 <./15/n/dr.pdf>]
<15/n/t.pdf, id=671, 361.35pt x 216.81pt>
File: 15/n/t.pdf Graphic file (type pdf)
<use 15/n/t.pdf>
Package pdftex.def Info: 15/n/t.pdf  used on input line 495.
(pdftex.def)             Requested size: 361.34912pt x 216.80946pt.
File: 15/n/t.pdf Graphic file (type pdf)
<use 15/n/t.pdf>
Package pdftex.def Info: 15/n/t.pdf  used on input line 495.
(pdftex.def)             Requested size: 361.34912pt x 216.80946pt.
<15/n/t.pdf, id=674, page=1, 361.35pt x 216.81pt>
File: 15/n/t.pdf Graphic file (type pdf)
<use 15/n/t.pdf, page 1>
Package pdftex.def Info: 15/n/t.pdf , page1 used on input line 495.
(pdftex.def)             Requested size: 361.34912pt x 216.80946pt.
File: 15/n/t.pdf Graphic file (type pdf)
<use 15/n/t.pdf, page 1>
Package pdftex.def Info: 15/n/t.pdf , page1 used on input line 495.
(pdftex.def)             Requested size: 614.88788pt x 368.93271pt.
File: 15/n/t.pdf Graphic file (type pdf)
<use 15/n/t.pdf, page 1>
Package pdftex.def Info: 15/n/t.pdf , page1 used on input line 495.
(pdftex.def)             Requested size: 614.88788pt x 368.93271pt.
File: 15/n/t.pdf Graphic file (type pdf)
<use 15/n/t.pdf, page 1>
Package pdftex.def Info: 15/n/t.pdf , page1 used on input line 495.
(pdftex.def)             Requested size: 614.88788pt x 368.93271pt.
File: 15/n/t.pdf Graphic file (type pdf)
<use 15/n/t.pdf, page 1>
Package pdftex.def Info: 15/n/t.pdf , page1 used on input line 495.
(pdftex.def)             Requested size: 614.88788pt x 368.93271pt.
 [49 <./15/n/t.pdf>]
<15/n/e.pdf, id=688, 361.35pt x 216.81pt>
File: 15/n/e.pdf Graphic file (type pdf)
<use 15/n/e.pdf>
Package pdftex.def Info: 15/n/e.pdf  used on input line 496.
(pdftex.def)             Requested size: 361.34912pt x 216.80946pt.
File: 15/n/e.pdf Graphic file (type pdf)
<use 15/n/e.pdf>
Package pdftex.def Info: 15/n/e.pdf  used on input line 496.
(pdftex.def)             Requested size: 361.34912pt x 216.80946pt.
<15/n/e.pdf, id=691, page=1, 361.35pt x 216.81pt>
File: 15/n/e.pdf Graphic file (type pdf)
<use 15/n/e.pdf, page 1>
Package pdftex.def Info: 15/n/e.pdf , page1 used on input line 496.
(pdftex.def)             Requested size: 361.34912pt x 216.80946pt.
File: 15/n/e.pdf Graphic file (type pdf)
<use 15/n/e.pdf, page 1>
Package pdftex.def Info: 15/n/e.pdf , page1 used on input line 496.
(pdftex.def)             Requested size: 614.88788pt x 368.93271pt.
File: 15/n/e.pdf Graphic file (type pdf)
<use 15/n/e.pdf, page 1>
Package pdftex.def Info: 15/n/e.pdf , page1 used on input line 496.
(pdftex.def)             Requested size: 614.88788pt x 368.93271pt.
File: 15/n/e.pdf Graphic file (type pdf)
<use 15/n/e.pdf, page 1>
Package pdftex.def Info: 15/n/e.pdf , page1 used on input line 496.
(pdftex.def)             Requested size: 614.88788pt x 368.93271pt.
File: 15/n/e.pdf Graphic file (type pdf)
<use 15/n/e.pdf, page 1>
Package pdftex.def Info: 15/n/e.pdf , page1 used on input line 496.
(pdftex.def)             Requested size: 614.88788pt x 368.93271pt.
 [50 <./15/n/e.pdf>]
<15/c/dl.pdf, id=704, 361.35pt x 216.81pt>
File: 15/c/dl.pdf Graphic file (type pdf)
<use 15/c/dl.pdf>
Package pdftex.def Info: 15/c/dl.pdf  used on input line 505.
(pdftex.def)             Requested size: 361.34912pt x 216.80946pt.
File: 15/c/dl.pdf Graphic file (type pdf)
<use 15/c/dl.pdf>
Package pdftex.def Info: 15/c/dl.pdf  used on input line 505.
(pdftex.def)             Requested size: 361.34912pt x 216.80946pt.
<15/c/dl.pdf, id=707, page=1, 361.35pt x 216.81pt>
File: 15/c/dl.pdf Graphic file (type pdf)
<use 15/c/dl.pdf, page 1>
Package pdftex.def Info: 15/c/dl.pdf , page1 used on input line 505.
(pdftex.def)             Requested size: 361.34912pt x 216.80946pt.
File: 15/c/dl.pdf Graphic file (type pdf)
<use 15/c/dl.pdf, page 1>
Package pdftex.def Info: 15/c/dl.pdf , page1 used on input line 505.
(pdftex.def)             Requested size: 614.88788pt x 368.93271pt.
 [51]
File: 15/c/dl.pdf Graphic file (type pdf)
<use 15/c/dl.pdf, page 1>
Package pdftex.def Info: 15/c/dl.pdf , page1 used on input line 505.
(pdftex.def)             Requested size: 614.88788pt x 368.93271pt.
File: 15/c/dl.pdf Graphic file (type pdf)
<use 15/c/dl.pdf, page 1>
Package pdftex.def Info: 15/c/dl.pdf , page1 used on input line 505.
(pdftex.def)             Requested size: 614.88788pt x 368.93271pt.
File: 15/c/dl.pdf Graphic file (type pdf)
<use 15/c/dl.pdf, page 1>
Package pdftex.def Info: 15/c/dl.pdf , page1 used on input line 505.
(pdftex.def)             Requested size: 614.88788pt x 368.93271pt.
 [52 <./15/c/dl.pdf>]
<15/c/dr.pdf, id=724, 361.35pt x 216.81pt>
File: 15/c/dr.pdf Graphic file (type pdf)
<use 15/c/dr.pdf>
Package pdftex.def Info: 15/c/dr.pdf  used on input line 506.
(pdftex.def)             Requested size: 361.34912pt x 216.80946pt.
File: 15/c/dr.pdf Graphic file (type pdf)
<use 15/c/dr.pdf>
Package pdftex.def Info: 15/c/dr.pdf  used on input line 506.
(pdftex.def)             Requested size: 361.34912pt x 216.80946pt.
<15/c/dr.pdf, id=727, page=1, 361.35pt x 216.81pt>
File: 15/c/dr.pdf Graphic file (type pdf)
<use 15/c/dr.pdf, page 1>
Package pdftex.def Info: 15/c/dr.pdf , page1 used on input line 506.
(pdftex.def)             Requested size: 361.34912pt x 216.80946pt.
File: 15/c/dr.pdf Graphic file (type pdf)
<use 15/c/dr.pdf, page 1>
Package pdftex.def Info: 15/c/dr.pdf , page1 used on input line 506.
(pdftex.def)             Requested size: 614.88788pt x 368.93271pt.
File: 15/c/dr.pdf Graphic file (type pdf)
<use 15/c/dr.pdf, page 1>
Package pdftex.def Info: 15/c/dr.pdf , page1 used on input line 506.
(pdftex.def)             Requested size: 614.88788pt x 368.93271pt.
File: 15/c/dr.pdf Graphic file (type pdf)
<use 15/c/dr.pdf, page 1>
Package pdftex.def Info: 15/c/dr.pdf , page1 used on input line 506.
(pdftex.def)             Requested size: 614.88788pt x 368.93271pt.
File: 15/c/dr.pdf Graphic file (type pdf)
<use 15/c/dr.pdf, page 1>
Package pdftex.def Info: 15/c/dr.pdf , page1 used on input line 506.
(pdftex.def)             Requested size: 614.88788pt x 368.93271pt.
 [53 <./15/c/dr.pdf>]
<15/c/t.pdf, id=740, 361.35pt x 216.81pt>
File: 15/c/t.pdf Graphic file (type pdf)
<use 15/c/t.pdf>
Package pdftex.def Info: 15/c/t.pdf  used on input line 507.
(pdftex.def)             Requested size: 361.34912pt x 216.80946pt.
File: 15/c/t.pdf Graphic file (type pdf)
<use 15/c/t.pdf>
Package pdftex.def Info: 15/c/t.pdf  used on input line 507.
(pdftex.def)             Requested size: 361.34912pt x 216.80946pt.
<15/c/t.pdf, id=743, page=1, 361.35pt x 216.81pt>
File: 15/c/t.pdf Graphic file (type pdf)
<use 15/c/t.pdf, page 1>
Package pdftex.def Info: 15/c/t.pdf , page1 used on input line 507.
(pdftex.def)             Requested size: 361.34912pt x 216.80946pt.
File: 15/c/t.pdf Graphic file (type pdf)
<use 15/c/t.pdf, page 1>
Package pdftex.def Info: 15/c/t.pdf , page1 used on input line 507.
(pdftex.def)             Requested size: 614.88788pt x 368.93271pt.
File: 15/c/t.pdf Graphic file (type pdf)
<use 15/c/t.pdf, page 1>
Package pdftex.def Info: 15/c/t.pdf , page1 used on input line 507.
(pdftex.def)             Requested size: 614.88788pt x 368.93271pt.
File: 15/c/t.pdf Graphic file (type pdf)
<use 15/c/t.pdf, page 1>
Package pdftex.def Info: 15/c/t.pdf , page1 used on input line 507.
(pdftex.def)             Requested size: 614.88788pt x 368.93271pt.
File: 15/c/t.pdf Graphic file (type pdf)
<use 15/c/t.pdf, page 1>
Package pdftex.def Info: 15/c/t.pdf , page1 used on input line 507.
(pdftex.def)             Requested size: 614.88788pt x 368.93271pt.
 [54 <./15/c/t.pdf>]
<15/c/e.pdf, id=756, 361.35pt x 216.81pt>
File: 15/c/e.pdf Graphic file (type pdf)
<use 15/c/e.pdf>
Package pdftex.def Info: 15/c/e.pdf  used on input line 508.
(pdftex.def)             Requested size: 361.34912pt x 216.80946pt.
File: 15/c/e.pdf Graphic file (type pdf)
<use 15/c/e.pdf>
Package pdftex.def Info: 15/c/e.pdf  used on input line 508.
(pdftex.def)             Requested size: 361.34912pt x 216.80946pt.
<15/c/e.pdf, id=759, page=1, 361.35pt x 216.81pt>
File: 15/c/e.pdf Graphic file (type pdf)
<use 15/c/e.pdf, page 1>
Package pdftex.def Info: 15/c/e.pdf , page1 used on input line 508.
(pdftex.def)             Requested size: 361.34912pt x 216.80946pt.
File: 15/c/e.pdf Graphic file (type pdf)
<use 15/c/e.pdf, page 1>
Package pdftex.def Info: 15/c/e.pdf , page1 used on input line 508.
(pdftex.def)             Requested size: 614.88788pt x 368.93271pt.
File: 15/c/e.pdf Graphic file (type pdf)
<use 15/c/e.pdf, page 1>
Package pdftex.def Info: 15/c/e.pdf , page1 used on input line 508.
(pdftex.def)             Requested size: 614.88788pt x 368.93271pt.
File: 15/c/e.pdf Graphic file (type pdf)
<use 15/c/e.pdf, page 1>
Package pdftex.def Info: 15/c/e.pdf , page1 used on input line 508.
(pdftex.def)             Requested size: 614.88788pt x 368.93271pt.
File: 15/c/e.pdf Graphic file (type pdf)
<use 15/c/e.pdf, page 1>
Package pdftex.def Info: 15/c/e.pdf , page1 used on input line 508.
(pdftex.def)             Requested size: 614.88788pt x 368.93271pt.

[55 <./15/c/e.pdf>]
<15/f/dl.pdf, id=773, 361.35pt x 216.81pt>
File: 15/f/dl.pdf Graphic file (type pdf)
<use 15/f/dl.pdf>
Package pdftex.def Info: 15/f/dl.pdf  used on input line 516.
(pdftex.def)             Requested size: 361.34912pt x 216.80946pt.
File: 15/f/dl.pdf Graphic file (type pdf)
<use 15/f/dl.pdf>
Package pdftex.def Info: 15/f/dl.pdf  used on input line 516.
(pdftex.def)             Requested size: 361.34912pt x 216.80946pt.
<15/f/dl.pdf, id=776, page=1, 361.35pt x 216.81pt>
File: 15/f/dl.pdf Graphic file (type pdf)
<use 15/f/dl.pdf, page 1>
Package pdftex.def Info: 15/f/dl.pdf , page1 used on input line 516.
(pdftex.def)             Requested size: 361.34912pt x 216.80946pt.
File: 15/f/dl.pdf Graphic file (type pdf)
<use 15/f/dl.pdf, page 1>
Package pdftex.def Info: 15/f/dl.pdf , page1 used on input line 516.
(pdftex.def)             Requested size: 614.88788pt x 368.93271pt.
 [56]
File: 15/f/dl.pdf Graphic file (type pdf)
<use 15/f/dl.pdf, page 1>
Package pdftex.def Info: 15/f/dl.pdf , page1 used on input line 516.
(pdftex.def)             Requested size: 614.88788pt x 368.93271pt.
File: 15/f/dl.pdf Graphic file (type pdf)
<use 15/f/dl.pdf, page 1>
Package pdftex.def Info: 15/f/dl.pdf , page1 used on input line 516.
(pdftex.def)             Requested size: 614.88788pt x 368.93271pt.
File: 15/f/dl.pdf Graphic file (type pdf)
<use 15/f/dl.pdf, page 1>
Package pdftex.def Info: 15/f/dl.pdf , page1 used on input line 516.
(pdftex.def)             Requested size: 614.88788pt x 368.93271pt.
 [57 <./15/f/dl.pdf>]
<15/f/dr.pdf, id=793, 361.35pt x 216.81pt>
File: 15/f/dr.pdf Graphic file (type pdf)
<use 15/f/dr.pdf>
Package pdftex.def Info: 15/f/dr.pdf  used on input line 517.
(pdftex.def)             Requested size: 361.34912pt x 216.80946pt.
File: 15/f/dr.pdf Graphic file (type pdf)
<use 15/f/dr.pdf>
Package pdftex.def Info: 15/f/dr.pdf  used on input line 517.
(pdftex.def)             Requested size: 361.34912pt x 216.80946pt.
<15/f/dr.pdf, id=796, page=1, 361.35pt x 216.81pt>
File: 15/f/dr.pdf Graphic file (type pdf)
<use 15/f/dr.pdf, page 1>
Package pdftex.def Info: 15/f/dr.pdf , page1 used on input line 517.
(pdftex.def)             Requested size: 361.34912pt x 216.80946pt.
File: 15/f/dr.pdf Graphic file (type pdf)
<use 15/f/dr.pdf, page 1>
Package pdftex.def Info: 15/f/dr.pdf , page1 used on input line 517.
(pdftex.def)             Requested size: 614.88788pt x 368.93271pt.
File: 15/f/dr.pdf Graphic file (type pdf)
<use 15/f/dr.pdf, page 1>
Package pdftex.def Info: 15/f/dr.pdf , page1 used on input line 517.
(pdftex.def)             Requested size: 614.88788pt x 368.93271pt.
File: 15/f/dr.pdf Graphic file (type pdf)
<use 15/f/dr.pdf, page 1>
Package pdftex.def Info: 15/f/dr.pdf , page1 used on input line 517.
(pdftex.def)             Requested size: 614.88788pt x 368.93271pt.
File: 15/f/dr.pdf Graphic file (type pdf)
<use 15/f/dr.pdf, page 1>
Package pdftex.def Info: 15/f/dr.pdf , page1 used on input line 517.
(pdftex.def)             Requested size: 614.88788pt x 368.93271pt.
 [58 <./15/f/dr.pdf>]
<15/f/t.pdf, id=809, 361.35pt x 216.81pt>
File: 15/f/t.pdf Graphic file (type pdf)
<use 15/f/t.pdf>
Package pdftex.def Info: 15/f/t.pdf  used on input line 518.
(pdftex.def)             Requested size: 361.34912pt x 216.80946pt.
File: 15/f/t.pdf Graphic file (type pdf)
<use 15/f/t.pdf>
Package pdftex.def Info: 15/f/t.pdf  used on input line 518.
(pdftex.def)             Requested size: 361.34912pt x 216.80946pt.
<15/f/t.pdf, id=812, page=1, 361.35pt x 216.81pt>
File: 15/f/t.pdf Graphic file (type pdf)
<use 15/f/t.pdf, page 1>
Package pdftex.def Info: 15/f/t.pdf , page1 used on input line 518.
(pdftex.def)             Requested size: 361.34912pt x 216.80946pt.
File: 15/f/t.pdf Graphic file (type pdf)
<use 15/f/t.pdf, page 1>
Package pdftex.def Info: 15/f/t.pdf , page1 used on input line 518.
(pdftex.def)             Requested size: 614.88788pt x 368.93271pt.
File: 15/f/t.pdf Graphic file (type pdf)
<use 15/f/t.pdf, page 1>
Package pdftex.def Info: 15/f/t.pdf , page1 used on input line 518.
(pdftex.def)             Requested size: 614.88788pt x 368.93271pt.
File: 15/f/t.pdf Graphic file (type pdf)
<use 15/f/t.pdf, page 1>
Package pdftex.def Info: 15/f/t.pdf , page1 used on input line 518.
(pdftex.def)             Requested size: 614.88788pt x 368.93271pt.
File: 15/f/t.pdf Graphic file (type pdf)
<use 15/f/t.pdf, page 1>
Package pdftex.def Info: 15/f/t.pdf , page1 used on input line 518.
(pdftex.def)             Requested size: 614.88788pt x 368.93271pt.
 [59 <./15/f/t.pdf>]
<15/f/e.pdf, id=825, 361.35pt x 216.81pt>
File: 15/f/e.pdf Graphic file (type pdf)
<use 15/f/e.pdf>
Package pdftex.def Info: 15/f/e.pdf  used on input line 519.
(pdftex.def)             Requested size: 361.34912pt x 216.80946pt.
File: 15/f/e.pdf Graphic file (type pdf)
<use 15/f/e.pdf>
Package pdftex.def Info: 15/f/e.pdf  used on input line 519.
(pdftex.def)             Requested size: 361.34912pt x 216.80946pt.
<15/f/e.pdf, id=828, page=1, 361.35pt x 216.81pt>
File: 15/f/e.pdf Graphic file (type pdf)
<use 15/f/e.pdf, page 1>
Package pdftex.def Info: 15/f/e.pdf , page1 used on input line 519.
(pdftex.def)             Requested size: 361.34912pt x 216.80946pt.
File: 15/f/e.pdf Graphic file (type pdf)
<use 15/f/e.pdf, page 1>
Package pdftex.def Info: 15/f/e.pdf , page1 used on input line 519.
(pdftex.def)             Requested size: 614.88788pt x 368.93271pt.
File: 15/f/e.pdf Graphic file (type pdf)
<use 15/f/e.pdf, page 1>
Package pdftex.def Info: 15/f/e.pdf , page1 used on input line 519.
(pdftex.def)             Requested size: 614.88788pt x 368.93271pt.
File: 15/f/e.pdf Graphic file (type pdf)
<use 15/f/e.pdf, page 1>
Package pdftex.def Info: 15/f/e.pdf , page1 used on input line 519.
(pdftex.def)             Requested size: 614.88788pt x 368.93271pt.
File: 15/f/e.pdf Graphic file (type pdf)
<use 15/f/e.pdf, page 1>
Package pdftex.def Info: 15/f/e.pdf , page1 used on input line 519.
(pdftex.def)             Requested size: 614.88788pt x 368.93271pt.
 [60 <./15/f/e.pdf>]
<15/p/dl.pdf, id=842, 361.35pt x 216.81pt>
File: 15/p/dl.pdf Graphic file (type pdf)
<use 15/p/dl.pdf>
Package pdftex.def Info: 15/p/dl.pdf  used on input line 527.
(pdftex.def)             Requested size: 361.34912pt x 216.80946pt.
File: 15/p/dl.pdf Graphic file (type pdf)
<use 15/p/dl.pdf>
Package pdftex.def Info: 15/p/dl.pdf  used on input line 527.
(pdftex.def)             Requested size: 361.34912pt x 216.80946pt.
<15/p/dl.pdf, id=845, page=1, 361.35pt x 216.81pt>
File: 15/p/dl.pdf Graphic file (type pdf)
<use 15/p/dl.pdf, page 1>
Package pdftex.def Info: 15/p/dl.pdf , page1 used on input line 527.
(pdftex.def)             Requested size: 361.34912pt x 216.80946pt.
File: 15/p/dl.pdf Graphic file (type pdf)
<use 15/p/dl.pdf, page 1>
Package pdftex.def Info: 15/p/dl.pdf , page1 used on input line 527.
(pdftex.def)             Requested size: 614.88788pt x 368.93271pt.
 [61]
File: 15/p/dl.pdf Graphic file (type pdf)
<use 15/p/dl.pdf, page 1>
Package pdftex.def Info: 15/p/dl.pdf , page1 used on input line 527.
(pdftex.def)             Requested size: 614.88788pt x 368.93271pt.
File: 15/p/dl.pdf Graphic file (type pdf)
<use 15/p/dl.pdf, page 1>
Package pdftex.def Info: 15/p/dl.pdf , page1 used on input line 527.
(pdftex.def)             Requested size: 614.88788pt x 368.93271pt.
File: 15/p/dl.pdf Graphic file (type pdf)
<use 15/p/dl.pdf, page 1>
Package pdftex.def Info: 15/p/dl.pdf , page1 used on input line 527.
(pdftex.def)             Requested size: 614.88788pt x 368.93271pt.
 [62 <./15/p/dl.pdf>]
<15/p/dr.pdf, id=863, 361.35pt x 216.81pt>
File: 15/p/dr.pdf Graphic file (type pdf)
<use 15/p/dr.pdf>
Package pdftex.def Info: 15/p/dr.pdf  used on input line 528.
(pdftex.def)             Requested size: 361.34912pt x 216.80946pt.
File: 15/p/dr.pdf Graphic file (type pdf)
<use 15/p/dr.pdf>
Package pdftex.def Info: 15/p/dr.pdf  used on input line 528.
(pdftex.def)             Requested size: 361.34912pt x 216.80946pt.
<15/p/dr.pdf, id=866, page=1, 361.35pt x 216.81pt>
File: 15/p/dr.pdf Graphic file (type pdf)
<use 15/p/dr.pdf, page 1>
Package pdftex.def Info: 15/p/dr.pdf , page1 used on input line 528.
(pdftex.def)             Requested size: 361.34912pt x 216.80946pt.
File: 15/p/dr.pdf Graphic file (type pdf)
<use 15/p/dr.pdf, page 1>
Package pdftex.def Info: 15/p/dr.pdf , page1 used on input line 528.
(pdftex.def)             Requested size: 614.88788pt x 368.93271pt.
File: 15/p/dr.pdf Graphic file (type pdf)
<use 15/p/dr.pdf, page 1>
Package pdftex.def Info: 15/p/dr.pdf , page1 used on input line 528.
(pdftex.def)             Requested size: 614.88788pt x 368.93271pt.
File: 15/p/dr.pdf Graphic file (type pdf)
<use 15/p/dr.pdf, page 1>
Package pdftex.def Info: 15/p/dr.pdf , page1 used on input line 528.
(pdftex.def)             Requested size: 614.88788pt x 368.93271pt.
File: 15/p/dr.pdf Graphic file (type pdf)
<use 15/p/dr.pdf, page 1>
Package pdftex.def Info: 15/p/dr.pdf , page1 used on input line 528.
(pdftex.def)             Requested size: 614.88788pt x 368.93271pt.
 [63 <./15/p/dr.pdf>]
<15/p/t.pdf, id=879, 361.35pt x 216.81pt>
File: 15/p/t.pdf Graphic file (type pdf)
<use 15/p/t.pdf>
Package pdftex.def Info: 15/p/t.pdf  used on input line 529.
(pdftex.def)             Requested size: 361.34912pt x 216.80946pt.
File: 15/p/t.pdf Graphic file (type pdf)
<use 15/p/t.pdf>
Package pdftex.def Info: 15/p/t.pdf  used on input line 529.
(pdftex.def)             Requested size: 361.34912pt x 216.80946pt.
<15/p/t.pdf, id=882, page=1, 361.35pt x 216.81pt>
File: 15/p/t.pdf Graphic file (type pdf)
<use 15/p/t.pdf, page 1>
Package pdftex.def Info: 15/p/t.pdf , page1 used on input line 529.
(pdftex.def)             Requested size: 361.34912pt x 216.80946pt.
File: 15/p/t.pdf Graphic file (type pdf)
<use 15/p/t.pdf, page 1>
Package pdftex.def Info: 15/p/t.pdf , page1 used on input line 529.
(pdftex.def)             Requested size: 614.88788pt x 368.93271pt.
File: 15/p/t.pdf Graphic file (type pdf)
<use 15/p/t.pdf, page 1>
Package pdftex.def Info: 15/p/t.pdf , page1 used on input line 529.
(pdftex.def)             Requested size: 614.88788pt x 368.93271pt.
File: 15/p/t.pdf Graphic file (type pdf)
<use 15/p/t.pdf, page 1>
Package pdftex.def Info: 15/p/t.pdf , page1 used on input line 529.
(pdftex.def)             Requested size: 614.88788pt x 368.93271pt.
File: 15/p/t.pdf Graphic file (type pdf)
<use 15/p/t.pdf, page 1>
Package pdftex.def Info: 15/p/t.pdf , page1 used on input line 529.
(pdftex.def)             Requested size: 614.88788pt x 368.93271pt.

[64 <./15/p/t.pdf>]
<15/p/e.pdf, id=895, 361.35pt x 216.81pt>
File: 15/p/e.pdf Graphic file (type pdf)
<use 15/p/e.pdf>
Package pdftex.def Info: 15/p/e.pdf  used on input line 530.
(pdftex.def)             Requested size: 361.34912pt x 216.80946pt.
File: 15/p/e.pdf Graphic file (type pdf)
<use 15/p/e.pdf>
Package pdftex.def Info: 15/p/e.pdf  used on input line 530.
(pdftex.def)             Requested size: 361.34912pt x 216.80946pt.
<15/p/e.pdf, id=898, page=1, 361.35pt x 216.81pt>
File: 15/p/e.pdf Graphic file (type pdf)
<use 15/p/e.pdf, page 1>
Package pdftex.def Info: 15/p/e.pdf , page1 used on input line 530.
(pdftex.def)             Requested size: 361.34912pt x 216.80946pt.
File: 15/p/e.pdf Graphic file (type pdf)
<use 15/p/e.pdf, page 1>
Package pdftex.def Info: 15/p/e.pdf , page1 used on input line 530.
(pdftex.def)             Requested size: 614.88788pt x 368.93271pt.
File: 15/p/e.pdf Graphic file (type pdf)
<use 15/p/e.pdf, page 1>
Package pdftex.def Info: 15/p/e.pdf , page1 used on input line 530.
(pdftex.def)             Requested size: 614.88788pt x 368.93271pt.
File: 15/p/e.pdf Graphic file (type pdf)
<use 15/p/e.pdf, page 1>
Package pdftex.def Info: 15/p/e.pdf , page1 used on input line 530.
(pdftex.def)             Requested size: 614.88788pt x 368.93271pt.
File: 15/p/e.pdf Graphic file (type pdf)
<use 15/p/e.pdf, page 1>
Package pdftex.def Info: 15/p/e.pdf , page1 used on input line 530.
(pdftex.def)             Requested size: 614.88788pt x 368.93271pt.
 [65 <./15/p/e.pdf>] [66] [67]
Overfull \hbox (17.08221pt too wide) in paragraph at lines 611--611
[]\T1/cmr/bx/n/12 Explanation of Per-for-mance Met-rics Re-sult in RTT/RTO
 []


Underfull \hbox (badness 10000) in paragraph at lines 613--614

 []


Underfull \hbox (badness 10000) in paragraph at lines 615--619

 []

[68] (./main.aux)
Package rerunfilecheck Info: File `main.out' has not changed.
(rerunfilecheck)             Checksum: 32E0F80EB2AA646EB546DBCF184D2EE7;1371.
 ) 
Here is how much of TeX's memory you used:
 30882 strings out of 479304
 678993 string characters out of 5869779
 991385 words of memory out of 5000000
 47397 multiletter control sequences out of 15000+600000
 416271 words of font info for 62 fonts, out of 8000000 for 9000
 1141 hyphenation exceptions out of 8191
 113i,17n,116p,1600b,452s stack positions out of 5000i,500n,10000p,200000b,80000s
{/usr/share/texmf/fonts/enc/dvips/cm-super/cm-super-ts1.enc}{/usr/share/texmf
/fonts/enc/dvips/cm-super/cm-super-t1.enc}</usr/share/texlive/texmf-dist/fonts/
type1/public/amsfonts/cm/cmmi10.pfb></usr/share/texlive/texmf-dist/fonts/type1/
public/amsfonts/cm/cmmi7.pfb></usr/share/texlive/texmf-dist/fonts/type1/public/
amsfonts/cm/cmr7.pfb></usr/share/texmf/fonts/type1/public/cm-super/sfbx1000.pfb
></usr/share/texmf/fonts/type1/public/cm-super/sfbx1200.pfb></usr/share/texmf/f
onts/type1/public/cm-super/sfbx1440.pfb></usr/share/texmf/fonts/type1/public/cm
-super/sfrm1000.pfb></usr/share/texmf/fonts/type1/public/cm-super/sfrm1200.pfb>
</usr/share/texmf/fonts/type1/public/cm-super/sfrm1440.pfb></usr/share/texmf/fo
nts/type1/public/cm-super/sfrm2488.pfb>
Output written on main.pdf (68 pages, 1181575 bytes).
PDF statistics:
 993 PDF objects out of 1000 (max. 8388607)
 658 compressed objects within 7 object streams
 137 named destinations out of 1000 (max. 500000)
 967 words of extra memory for PDF output out of 10000 (max. 10000000)

